INFO - 2025-08-01 10:53:55 --> Session: Class initialized using 'CodeIgniter\Session\Handlers\FileHandler' driver.
INFO - 2025-08-01 12:11:28 --> Session: Class initialized using 'CodeIgniter\Session\Handlers\FileHandler' driver.
ERROR - 2025-08-01 13:06:24 --> mysqli_sql_exception: Champ 'fkagent' inconnu dans where clause in F:\ArzenProjets\web\kasokooAPI\vendor\codeigniter4\framework\system\Database\MySQLi\Connection.php:295
Stack trace:
#0 F:\ArzenProjets\web\kasokooAPI\vendor\codeigniter4\framework\system\Database\MySQLi\Connection.php(295): mysqli->query('SELECT *\nFROM `...', 0)
#1 F:\ArzenProjets\web\kasokooAPI\vendor\codeigniter4\framework\system\Database\BaseConnection.php(691): CodeIgniter\Database\MySQLi\Connection->execute('SELECT *\nFROM `...')
#2 F:\ArzenProjets\web\kasokooAPI\vendor\codeigniter4\framework\system\Database\BaseConnection.php(605): CodeIgniter\Database\BaseConnection->simpleQuery('SELECT *\nFROM `...')
#3 F:\ArzenProjets\web\kasokooAPI\vendor\codeigniter4\framework\system\Database\BaseBuilder.php(1602): CodeIgniter\Database\BaseConnection->query('SELECT *\nFROM `...', Array, false)
#4 F:\ArzenProjets\web\kasokooAPI\vendor\codeigniter4\framework\system\Model.php(839): CodeIgniter\Database\BaseBuilder->get()
#5 F:\ArzenProjets\web\kasokooAPI\app\Models\MyParentModel.php(80): CodeIgniter\Model->__call('get', Array)
#6 F:\ArzenProjets\web\kasokooAPI\app\Controllers\MyTransationController.php(59): App\Models\MyParentModel->search(Array)
#7 F:\ArzenProjets\web\kasokooAPI\vendor\codeigniter4\framework\system\CodeIgniter.php(934): App\Controllers\MyTransationController->transfertAgentToClient()
#8 F:\ArzenProjets\web\kasokooAPI\vendor\codeigniter4\framework\system\CodeIgniter.php(499): CodeIgniter\CodeIgniter->runController(Object(App\Controllers\MyTransationController))
#9 F:\ArzenProjets\web\kasokooAPI\vendor\codeigniter4\framework\system\CodeIgniter.php(368): CodeIgniter\CodeIgniter->handleRequest(NULL, Object(Config\Cache), false)
#10 F:\ArzenProjets\web\kasokooAPI\index.php(67): CodeIgniter\CodeIgniter->run()
#11 {main}
CRITICAL - 2025-08-01 13:06:24 --> Champ 'fkagent' inconnu dans where clause
in SYSTEMPATH\Database\BaseConnection.php on line 645.
 1 SYSTEMPATH\Database\BaseBuilder.php(1602): CodeIgniter\Database\BaseConnection->query('SELECT *
FROM `compte`
WHERE `fkagent` = :fkagent:
AND `devise` = :devise:', [...], false)
 2 SYSTEMPATH\Model.php(839): CodeIgniter\Database\BaseBuilder->get()
 3 APPPATH\Models\MyParentModel.php(80): CodeIgniter\Model->__call('get', [])
 4 APPPATH\Controllers\MyTransationController.php(59): App\Models\MyParentModel->search([...])
 5 SYSTEMPATH\CodeIgniter.php(934): App\Controllers\MyTransationController->transfertAgentToClient()
 6 SYSTEMPATH\CodeIgniter.php(499): CodeIgniter\CodeIgniter->runController(Object(App\Controllers\MyTransationController))
 7 SYSTEMPATH\CodeIgniter.php(368): CodeIgniter\CodeIgniter->handleRequest(null, Object(Config\Cache), false)
 8 FCPATH\index.php(67): CodeIgniter\CodeIgniter->run()
ERROR - 2025-08-01 20:59:28 --> mysqli_sql_exception: Champ 'fkagent' inconnu dans where clause in F:\ArzenProjets\web\kasokooAPI\vendor\codeigniter4\framework\system\Database\MySQLi\Connection.php:295
Stack trace:
#0 F:\ArzenProjets\web\kasokooAPI\vendor\codeigniter4\framework\system\Database\MySQLi\Connection.php(295): mysqli->query('SELECT *\nFROM `...', 0)
#1 F:\ArzenProjets\web\kasokooAPI\vendor\codeigniter4\framework\system\Database\BaseConnection.php(691): CodeIgniter\Database\MySQLi\Connection->execute('SELECT *\nFROM `...')
#2 F:\ArzenProjets\web\kasokooAPI\vendor\codeigniter4\framework\system\Database\BaseConnection.php(605): CodeIgniter\Database\BaseConnection->simpleQuery('SELECT *\nFROM `...')
#3 F:\ArzenProjets\web\kasokooAPI\vendor\codeigniter4\framework\system\Database\BaseBuilder.php(1602): CodeIgniter\Database\BaseConnection->query('SELECT *\nFROM `...', Array, false)
#4 F:\ArzenProjets\web\kasokooAPI\vendor\codeigniter4\framework\system\Model.php(839): CodeIgniter\Database\BaseBuilder->get()
#5 F:\ArzenProjets\web\kasokooAPI\app\Models\MyParentModel.php(80): CodeIgniter\Model->__call('get', Array)
#6 F:\ArzenProjets\web\kasokooAPI\app\Controllers\MyTransationController.php(59): App\Models\MyParentModel->search(Array)
#7 F:\ArzenProjets\web\kasokooAPI\vendor\codeigniter4\framework\system\CodeIgniter.php(934): App\Controllers\MyTransationController->transfertAgentToClient()
#8 F:\ArzenProjets\web\kasokooAPI\vendor\codeigniter4\framework\system\CodeIgniter.php(499): CodeIgniter\CodeIgniter->runController(Object(App\Controllers\MyTransationController))
#9 F:\ArzenProjets\web\kasokooAPI\vendor\codeigniter4\framework\system\CodeIgniter.php(368): CodeIgniter\CodeIgniter->handleRequest(NULL, Object(Config\Cache), false)
#10 F:\ArzenProjets\web\kasokooAPI\index.php(67): CodeIgniter\CodeIgniter->run()
#11 {main}
CRITICAL - 2025-08-01 20:59:28 --> Champ 'fkagent' inconnu dans where clause
in SYSTEMPATH\Database\BaseConnection.php on line 645.
 1 SYSTEMPATH\Database\BaseBuilder.php(1602): CodeIgniter\Database\BaseConnection->query('SELECT *
FROM `compte`
WHERE `fkagent` = :fkagent:
AND `devise` = :devise:', [...], false)
 2 SYSTEMPATH\Model.php(839): CodeIgniter\Database\BaseBuilder->get()
 3 APPPATH\Models\MyParentModel.php(80): CodeIgniter\Model->__call('get', [])
 4 APPPATH\Controllers\MyTransationController.php(59): App\Models\MyParentModel->search([...])
 5 SYSTEMPATH\CodeIgniter.php(934): App\Controllers\MyTransationController->transfertAgentToClient()
 6 SYSTEMPATH\CodeIgniter.php(499): CodeIgniter\CodeIgniter->runController(Object(App\Controllers\MyTransationController))
 7 SYSTEMPATH\CodeIgniter.php(368): CodeIgniter\CodeIgniter->handleRequest(null, Object(Config\Cache), false)
 8 FCPATH\index.php(67): CodeIgniter\CodeIgniter->run()
