CRITICAL - 2025-08-07 06:56:27 --> Unclosed '[' does not match '}'
in APPPATH\Views\test.php on line 14.
 1 SYSTEMPATH\View\View.php(216): CodeIgniter\View\View->CodeIgniter\View\{closure}()
 2 SYSTEMPATH\Common.php(1177): CodeIgniter\View\View->render('test', [], true)
 3 APPPATH\Controllers\Home.php(23): view('test')
 4 SYSTEMPATH\CodeIgniter.php(934): App\Controllers\Home->test()
 5 SYSTEMPATH\CodeIgniter.php(499): CodeIgniter\CodeIgniter->runController(Object(App\Controllers\Home))
 6 SYSTEMPATH\CodeIgniter.php(368): CodeIgniter\CodeIgniter->handleRequest(null, Object(Config\Cache), false)
 7 FCPATH\index.php(67): CodeIgniter\CodeIgniter->run()
CRITICAL - 2025-08-07 07:03:12 --> Unclosed '[' does not match '}'
in APPPATH\Views\test.php on line 25.
 1 SYSTEMPATH\View\View.php(216): CodeIgniter\View\View->CodeIgniter\View\{closure}()
 2 SYSTEMPATH\Common.php(1177): CodeIgniter\View\View->render('test', [], true)
 3 APPPATH\Controllers\Home.php(23): view('test')
 4 SYSTEMPATH\CodeIgniter.php(934): App\Controllers\Home->test()
 5 SYSTEMPATH\CodeIgniter.php(499): CodeIgniter\CodeIgniter->runController(Object(App\Controllers\Home))
 6 SYSTEMPATH\CodeIgniter.php(368): CodeIgniter\CodeIgniter->handleRequest(null, Object(Config\Cache), false)
 7 FCPATH\index.php(67): CodeIgniter\CodeIgniter->run()
CRITICAL - 2025-08-07 07:03:15 --> Unclosed '[' does not match '}'
in APPPATH\Views\test.php on line 25.
 1 SYSTEMPATH\View\View.php(216): CodeIgniter\View\View->CodeIgniter\View\{closure}()
 2 SYSTEMPATH\Common.php(1177): CodeIgniter\View\View->render('test', [], true)
 3 APPPATH\Controllers\Home.php(23): view('test')
 4 SYSTEMPATH\CodeIgniter.php(934): App\Controllers\Home->test()
 5 SYSTEMPATH\CodeIgniter.php(499): CodeIgniter\CodeIgniter->runController(Object(App\Controllers\Home))
 6 SYSTEMPATH\CodeIgniter.php(368): CodeIgniter\CodeIgniter->handleRequest(null, Object(Config\Cache), false)
 7 FCPATH\index.php(67): CodeIgniter\CodeIgniter->run()
CRITICAL - 2025-08-07 07:27:27 --> syntax error, unexpected token "<", expecting end of file
in APPPATH\Views\test.php on line 2.
 1 SYSTEMPATH\View\View.php(216): CodeIgniter\View\View->CodeIgniter\View\{closure}()
 2 SYSTEMPATH\Common.php(1177): CodeIgniter\View\View->render('test', [], true)
 3 APPPATH\Controllers\Home.php(23): view('test')
 4 SYSTEMPATH\CodeIgniter.php(934): App\Controllers\Home->test()
 5 SYSTEMPATH\CodeIgniter.php(499): CodeIgniter\CodeIgniter->runController(Object(App\Controllers\Home))
 6 SYSTEMPATH\CodeIgniter.php(368): CodeIgniter\CodeIgniter->handleRequest(null, Object(Config\Cache), false)
 7 FCPATH\index.php(67): CodeIgniter\CodeIgniter->run()
CRITICAL - 2025-08-07 07:27:42 --> syntax error, unexpected identifier "s", expecting "]"
in APPPATH\Views\test.php on line 376.
 1 SYSTEMPATH\View\View.php(216): CodeIgniter\View\View->CodeIgniter\View\{closure}()
 2 SYSTEMPATH\Common.php(1177): CodeIgniter\View\View->render('test', [], true)
 3 APPPATH\Controllers\Home.php(23): view('test')
 4 SYSTEMPATH\CodeIgniter.php(934): App\Controllers\Home->test()
 5 SYSTEMPATH\CodeIgniter.php(499): CodeIgniter\CodeIgniter->runController(Object(App\Controllers\Home))
 6 SYSTEMPATH\CodeIgniter.php(368): CodeIgniter\CodeIgniter->handleRequest(null, Object(Config\Cache), false)
 7 FCPATH\index.php(67): CodeIgniter\CodeIgniter->run()
INFO - 2025-08-07 11:03:26 --> Session: Class initialized using 'CodeIgniter\Session\Handlers\FileHandler' driver.
INFO - 2025-08-07 11:03:26 --> Session: Class initialized using 'CodeIgniter\Session\Handlers\FileHandler' driver.
CRITICAL - 2025-08-07 11:03:26 --> syntax error, unexpected token "}", expecting ";"
in APPPATH\Helpers\permission_helper.php on line 43.
 1 APPPATH\Filters\PermissionFilter.php(15): helper([...])
 2 SYSTEMPATH\Filters\Filters.php(173): App\Filters\PermissionFilter->before(Object(CodeIgniter\HTTP\IncomingRequest), null)
 3 SYSTEMPATH\CodeIgniter.php(473): CodeIgniter\Filters\Filters->run('droitsagent', 'before')
 4 SYSTEMPATH\CodeIgniter.php(368): CodeIgniter\CodeIgniter->handleRequest(null, Object(Config\Cache), false)
 5 FCPATH\index.php(67): CodeIgniter\CodeIgniter->run()
CRITICAL - 2025-08-07 11:03:26 --> syntax error, unexpected token "}", expecting ";"
in APPPATH\Helpers\permission_helper.php on line 43.
 1 APPPATH\Filters\PermissionFilter.php(15): helper([...])
 2 SYSTEMPATH\Filters\Filters.php(173): App\Filters\PermissionFilter->before(Object(CodeIgniter\HTTP\IncomingRequest), null)
 3 SYSTEMPATH\CodeIgniter.php(473): CodeIgniter\Filters\Filters->run('droits', 'before')
 4 SYSTEMPATH\CodeIgniter.php(368): CodeIgniter\CodeIgniter->handleRequest(null, Object(Config\Cache), false)
 5 FCPATH\index.php(67): CodeIgniter\CodeIgniter->run()
INFO - 2025-08-07 11:05:06 --> Session: Class initialized using 'CodeIgniter\Session\Handlers\FileHandler' driver.
CRITICAL - 2025-08-07 11:05:06 --> Call to undefined function App\Filters\getAgentPermissions()
in APPPATH\Filters\PermissionFilter.php on line 16.
 1 SYSTEMPATH\Filters\Filters.php(173): App\Filters\PermissionFilter->before(Object(CodeIgniter\HTTP\IncomingRequest), null)
 2 SYSTEMPATH\CodeIgniter.php(473): CodeIgniter\Filters\Filters->run('droits', 'before')
 3 SYSTEMPATH\CodeIgniter.php(368): CodeIgniter\CodeIgniter->handleRequest(null, Object(Config\Cache), false)
 4 FCPATH\index.php(67): CodeIgniter\CodeIgniter->run()
INFO - 2025-08-07 11:05:06 --> Session: Class initialized using 'CodeIgniter\Session\Handlers\FileHandler' driver.
CRITICAL - 2025-08-07 11:05:06 --> Call to undefined function App\Filters\getAgentPermissions()
in APPPATH\Filters\PermissionFilter.php on line 16.
 1 SYSTEMPATH\Filters\Filters.php(173): App\Filters\PermissionFilter->before(Object(CodeIgniter\HTTP\IncomingRequest), null)
 2 SYSTEMPATH\CodeIgniter.php(473): CodeIgniter\Filters\Filters->run('droitsagent', 'before')
 3 SYSTEMPATH\CodeIgniter.php(368): CodeIgniter\CodeIgniter->handleRequest(null, Object(Config\Cache), false)
 4 FCPATH\index.php(67): CodeIgniter\CodeIgniter->run()
INFO - 2025-08-07 11:05:58 --> Session: Class initialized using 'CodeIgniter\Session\Handlers\FileHandler' driver.
CRITICAL - 2025-08-07 11:05:58 --> Too few arguments to function getAgentPermissions(), 0 passed in F:\ArzenProjets\web\kasokooAPI\app\Filters\PermissionFilter.php on line 16 and exactly 1 expected
in APPPATH\Helpers\permission_helper.php on line 13.
 1 APPPATH\Filters\PermissionFilter.php(16): getAgentPermissions()
 2 SYSTEMPATH\Filters\Filters.php(173): App\Filters\PermissionFilter->before(Object(CodeIgniter\HTTP\IncomingRequest), null)
 3 SYSTEMPATH\CodeIgniter.php(473): CodeIgniter\Filters\Filters->run('droitsagent', 'before')
 4 SYSTEMPATH\CodeIgniter.php(368): CodeIgniter\CodeIgniter->handleRequest(null, Object(Config\Cache), false)
 5 FCPATH\index.php(67): CodeIgniter\CodeIgniter->run()
INFO - 2025-08-07 11:05:58 --> Session: Class initialized using 'CodeIgniter\Session\Handlers\FileHandler' driver.
CRITICAL - 2025-08-07 11:05:58 --> Too few arguments to function getAgentPermissions(), 0 passed in F:\ArzenProjets\web\kasokooAPI\app\Filters\PermissionFilter.php on line 16 and exactly 1 expected
in APPPATH\Helpers\permission_helper.php on line 13.
 1 APPPATH\Filters\PermissionFilter.php(16): getAgentPermissions()
 2 SYSTEMPATH\Filters\Filters.php(173): App\Filters\PermissionFilter->before(Object(CodeIgniter\HTTP\IncomingRequest), null)
 3 SYSTEMPATH\CodeIgniter.php(473): CodeIgniter\Filters\Filters->run('droits', 'before')
 4 SYSTEMPATH\CodeIgniter.php(368): CodeIgniter\CodeIgniter->handleRequest(null, Object(Config\Cache), false)
 5 FCPATH\index.php(67): CodeIgniter\CodeIgniter->run()
INFO - 2025-08-07 12:52:54 --> Session: Class initialized using 'CodeIgniter\Session\Handlers\FileHandler' driver.
INFO - 2025-08-07 12:52:54 --> Session: Class initialized using 'CodeIgniter\Session\Handlers\FileHandler' driver.
CRITICAL - 2025-08-07 12:52:54 --> Too few arguments to function getAgentPermissions(), 0 passed in F:\ArzenProjets\web\kasokooAPI\app\Filters\PermissionFilter.php on line 16 and exactly 1 expected
in APPPATH\Helpers\permission_helper.php on line 13.
 1 APPPATH\Filters\PermissionFilter.php(16): getAgentPermissions()
 2 SYSTEMPATH\Filters\Filters.php(173): App\Filters\PermissionFilter->before(Object(CodeIgniter\HTTP\IncomingRequest), null)
 3 SYSTEMPATH\CodeIgniter.php(473): CodeIgniter\Filters\Filters->run('droits', 'before')
 4 SYSTEMPATH\CodeIgniter.php(368): CodeIgniter\CodeIgniter->handleRequest(null, Object(Config\Cache), false)
 5 FCPATH\index.php(67): CodeIgniter\CodeIgniter->run()
CRITICAL - 2025-08-07 12:52:54 --> Too few arguments to function getAgentPermissions(), 0 passed in F:\ArzenProjets\web\kasokooAPI\app\Filters\PermissionFilter.php on line 16 and exactly 1 expected
in APPPATH\Helpers\permission_helper.php on line 13.
 1 APPPATH\Filters\PermissionFilter.php(16): getAgentPermissions()
 2 SYSTEMPATH\Filters\Filters.php(173): App\Filters\PermissionFilter->before(Object(CodeIgniter\HTTP\IncomingRequest), null)
 3 SYSTEMPATH\CodeIgniter.php(473): CodeIgniter\Filters\Filters->run('droitsagent', 'before')
 4 SYSTEMPATH\CodeIgniter.php(368): CodeIgniter\CodeIgniter->handleRequest(null, Object(Config\Cache), false)
 5 FCPATH\index.php(67): CodeIgniter\CodeIgniter->run()
INFO - 2025-08-07 12:54:18 --> Session: Class initialized using 'CodeIgniter\Session\Handlers\FileHandler' driver.
CRITICAL - 2025-08-07 12:54:18 --> CodeIgniter\Database\BaseResult::getResult(): Argument #1 ($type) must be of type string, null given, called in F:\ArzenProjets\web\kasokooAPI\vendor\codeigniter4\framework\system\Model.php on line 241
in SYSTEMPATH\Database\BaseResult.php on line 103.
 1 SYSTEMPATH\Model.php(241): CodeIgniter\Database\BaseResult->getResult(null)
 2 SYSTEMPATH\BaseModel.php(618): CodeIgniter\Model->doFindAll(0, 0)
 3 APPPATH\Helpers\permission_helper.php(17): CodeIgniter\BaseModel->findAll()
 4 APPPATH\Filters\PermissionFilter.php(17): getAgentPermissions(25)
 5 SYSTEMPATH\Filters\Filters.php(173): App\Filters\PermissionFilter->before(Object(CodeIgniter\HTTP\IncomingRequest), null)
 6 SYSTEMPATH\CodeIgniter.php(473): CodeIgniter\Filters\Filters->run('droits', 'before')
 7 SYSTEMPATH\CodeIgniter.php(368): CodeIgniter\CodeIgniter->handleRequest(null, Object(Config\Cache), false)
 8 FCPATH\index.php(67): CodeIgniter\CodeIgniter->run()
INFO - 2025-08-07 12:54:18 --> Session: Class initialized using 'CodeIgniter\Session\Handlers\FileHandler' driver.
CRITICAL - 2025-08-07 12:54:18 --> CodeIgniter\Database\BaseResult::getResult(): Argument #1 ($type) must be of type string, null given, called in F:\ArzenProjets\web\kasokooAPI\vendor\codeigniter4\framework\system\Model.php on line 241
in SYSTEMPATH\Database\BaseResult.php on line 103.
 1 SYSTEMPATH\Model.php(241): CodeIgniter\Database\BaseResult->getResult(null)
 2 SYSTEMPATH\BaseModel.php(618): CodeIgniter\Model->doFindAll(0, 0)
 3 APPPATH\Helpers\permission_helper.php(17): CodeIgniter\BaseModel->findAll()
 4 APPPATH\Filters\PermissionFilter.php(17): getAgentPermissions(25)
 5 SYSTEMPATH\Filters\Filters.php(173): App\Filters\PermissionFilter->before(Object(CodeIgniter\HTTP\IncomingRequest), null)
 6 SYSTEMPATH\CodeIgniter.php(473): CodeIgniter\Filters\Filters->run('droitsagent', 'before')
 7 SYSTEMPATH\CodeIgniter.php(368): CodeIgniter\CodeIgniter->handleRequest(null, Object(Config\Cache), false)
 8 FCPATH\index.php(67): CodeIgniter\CodeIgniter->run()
INFO - 2025-08-07 14:05:30 --> Session: Class initialized using 'CodeIgniter\Session\Handlers\FileHandler' driver.
INFO - 2025-08-07 14:05:30 --> Session: Class initialized using 'CodeIgniter\Session\Handlers\FileHandler' driver.
CRITICAL - 2025-08-07 14:05:30 --> Class "UserModel" not found
in APPPATH\Helpers\permission_helper.php on line 17.
 1 APPPATH\Filters\PermissionFilter.php(17): getAgentPermissions(25)
 2 SYSTEMPATH\Filters\Filters.php(173): App\Filters\PermissionFilter->before(Object(CodeIgniter\HTTP\IncomingRequest), null)
 3 SYSTEMPATH\CodeIgniter.php(473): CodeIgniter\Filters\Filters->run('droits', 'before')
 4 SYSTEMPATH\CodeIgniter.php(368): CodeIgniter\CodeIgniter->handleRequest(null, Object(Config\Cache), false)
 5 FCPATH\index.php(67): CodeIgniter\CodeIgniter->run()
CRITICAL - 2025-08-07 14:05:30 --> Class "UserModel" not found
in APPPATH\Helpers\permission_helper.php on line 17.
 1 APPPATH\Filters\PermissionFilter.php(17): getAgentPermissions(25)
 2 SYSTEMPATH\Filters\Filters.php(173): App\Filters\PermissionFilter->before(Object(CodeIgniter\HTTP\IncomingRequest), null)
 3 SYSTEMPATH\CodeIgniter.php(473): CodeIgniter\Filters\Filters->run('droitsagent', 'before')
 4 SYSTEMPATH\CodeIgniter.php(368): CodeIgniter\CodeIgniter->handleRequest(null, Object(Config\Cache), false)
 5 FCPATH\index.php(67): CodeIgniter\CodeIgniter->run()
INFO - 2025-08-07 14:06:34 --> Session: Class initialized using 'CodeIgniter\Session\Handlers\FileHandler' driver.
CRITICAL - 2025-08-07 14:06:35 --> Undefined array key "fkagent"
in APPPATH\Helpers\permission_helper.php on line 22.
 1 APPPATH\Helpers\permission_helper.php(22): CodeIgniter\Debug\Exceptions->errorHandler(2, 'Undefined array key "fkagent"', 'APPPATH\\Helpers\\permission_helper.php', 22)
 2 APPPATH\Filters\PermissionFilter.php(17): getAgentPermissions('25')
 3 SYSTEMPATH\Filters\Filters.php(173): App\Filters\PermissionFilter->before(Object(CodeIgniter\HTTP\IncomingRequest), null)
 4 SYSTEMPATH\CodeIgniter.php(473): CodeIgniter\Filters\Filters->run('droitsagent', 'before')
 5 SYSTEMPATH\CodeIgniter.php(368): CodeIgniter\CodeIgniter->handleRequest(null, Object(Config\Cache), false)
 6 FCPATH\index.php(67): CodeIgniter\CodeIgniter->run()
INFO - 2025-08-07 14:06:35 --> Session: Class initialized using 'CodeIgniter\Session\Handlers\FileHandler' driver.
CRITICAL - 2025-08-07 14:06:35 --> Undefined array key "fkagent"
in APPPATH\Helpers\permission_helper.php on line 22.
 1 APPPATH\Helpers\permission_helper.php(22): CodeIgniter\Debug\Exceptions->errorHandler(2, 'Undefined array key "fkagent"', 'APPPATH\\Helpers\\permission_helper.php', 22)
 2 APPPATH\Filters\PermissionFilter.php(17): getAgentPermissions('25')
 3 SYSTEMPATH\Filters\Filters.php(173): App\Filters\PermissionFilter->before(Object(CodeIgniter\HTTP\IncomingRequest), null)
 4 SYSTEMPATH\CodeIgniter.php(473): CodeIgniter\Filters\Filters->run('droits', 'before')
 5 SYSTEMPATH\CodeIgniter.php(368): CodeIgniter\CodeIgniter->handleRequest(null, Object(Config\Cache), false)
 6 FCPATH\index.php(67): CodeIgniter\CodeIgniter->run()
INFO - 2025-08-07 14:10:33 --> Session: Class initialized using 'CodeIgniter\Session\Handlers\FileHandler' driver.
INFO - 2025-08-07 14:10:33 --> Session: Class initialized using 'CodeIgniter\Session\Handlers\FileHandler' driver.
CRITICAL - 2025-08-07 14:10:33 --> Call to a member function findAll() on array
in APPPATH\Helpers\permission_helper.php on line 23.
 1 APPPATH\Filters\PermissionFilter.php(17): getAgentPermissions([...])
 2 SYSTEMPATH\Filters\Filters.php(173): App\Filters\PermissionFilter->before(Object(CodeIgniter\HTTP\IncomingRequest), null)
 3 SYSTEMPATH\CodeIgniter.php(473): CodeIgniter\Filters\Filters->run('droitsagent', 'before')
 4 SYSTEMPATH\CodeIgniter.php(368): CodeIgniter\CodeIgniter->handleRequest(null, Object(Config\Cache), false)
 5 FCPATH\index.php(67): CodeIgniter\CodeIgniter->run()
CRITICAL - 2025-08-07 14:10:33 --> Call to a member function findAll() on array
in APPPATH\Helpers\permission_helper.php on line 23.
 1 APPPATH\Filters\PermissionFilter.php(17): getAgentPermissions([...])
 2 SYSTEMPATH\Filters\Filters.php(173): App\Filters\PermissionFilter->before(Object(CodeIgniter\HTTP\IncomingRequest), null)
 3 SYSTEMPATH\CodeIgniter.php(473): CodeIgniter\Filters\Filters->run('droits', 'before')
 4 SYSTEMPATH\CodeIgniter.php(368): CodeIgniter\CodeIgniter->handleRequest(null, Object(Config\Cache), false)
 5 FCPATH\index.php(67): CodeIgniter\CodeIgniter->run()
INFO - 2025-08-07 14:11:05 --> Session: Class initialized using 'CodeIgniter\Session\Handlers\FileHandler' driver.
CRITICAL - 2025-08-07 14:11:05 --> CodeIgniter\Database\BaseResult::getResult(): Argument #1 ($type) must be of type string, null given, called in F:\ArzenProjets\web\kasokooAPI\vendor\codeigniter4\framework\system\Model.php on line 241
in SYSTEMPATH\Database\BaseResult.php on line 103.
 1 SYSTEMPATH\Model.php(241): CodeIgniter\Database\BaseResult->getResult(null)
 2 SYSTEMPATH\BaseModel.php(618): CodeIgniter\Model->doFindAll(0, 0)
 3 APPPATH\Helpers\permission_helper.php(34): CodeIgniter\BaseModel->findAll()
 4 APPPATH\Filters\PermissionFilter.php(17): getAgentPermissions([...])
 5 SYSTEMPATH\Filters\Filters.php(173): App\Filters\PermissionFilter->before(Object(CodeIgniter\HTTP\IncomingRequest), null)
 6 SYSTEMPATH\CodeIgniter.php(473): CodeIgniter\Filters\Filters->run('droitsagent', 'before')
 7 SYSTEMPATH\CodeIgniter.php(368): CodeIgniter\CodeIgniter->handleRequest(null, Object(Config\Cache), false)
 8 FCPATH\index.php(67): CodeIgniter\CodeIgniter->run()
INFO - 2025-08-07 14:11:05 --> Session: Class initialized using 'CodeIgniter\Session\Handlers\FileHandler' driver.
CRITICAL - 2025-08-07 14:11:05 --> CodeIgniter\Database\BaseResult::getResult(): Argument #1 ($type) must be of type string, null given, called in F:\ArzenProjets\web\kasokooAPI\vendor\codeigniter4\framework\system\Model.php on line 241
in SYSTEMPATH\Database\BaseResult.php on line 103.
 1 SYSTEMPATH\Model.php(241): CodeIgniter\Database\BaseResult->getResult(null)
 2 SYSTEMPATH\BaseModel.php(618): CodeIgniter\Model->doFindAll(0, 0)
 3 APPPATH\Helpers\permission_helper.php(34): CodeIgniter\BaseModel->findAll()
 4 APPPATH\Filters\PermissionFilter.php(17): getAgentPermissions([...])
 5 SYSTEMPATH\Filters\Filters.php(173): App\Filters\PermissionFilter->before(Object(CodeIgniter\HTTP\IncomingRequest), null)
 6 SYSTEMPATH\CodeIgniter.php(473): CodeIgniter\Filters\Filters->run('droits', 'before')
 7 SYSTEMPATH\CodeIgniter.php(368): CodeIgniter\CodeIgniter->handleRequest(null, Object(Config\Cache), false)
 8 FCPATH\index.php(67): CodeIgniter\CodeIgniter->run()
INFO - 2025-08-07 14:23:17 --> Session: Class initialized using 'CodeIgniter\Session\Handlers\FileHandler' driver.
INFO - 2025-08-07 14:23:17 --> Session: Class initialized using 'CodeIgniter\Session\Handlers\FileHandler' driver.
CRITICAL - 2025-08-07 14:23:17 --> Call to undefined method CodeIgniter\Database\MySQLi\Result::findAll()
in APPPATH\Helpers\permission_helper.php on line 34.
 1 APPPATH\Filters\PermissionFilter.php(17): getAgentPermissions([...])
 2 SYSTEMPATH\Filters\Filters.php(173): App\Filters\PermissionFilter->before(Object(CodeIgniter\HTTP\IncomingRequest), null)
 3 SYSTEMPATH\CodeIgniter.php(473): CodeIgniter\Filters\Filters->run('droits', 'before')
 4 SYSTEMPATH\CodeIgniter.php(368): CodeIgniter\CodeIgniter->handleRequest(null, Object(Config\Cache), false)
 5 FCPATH\index.php(67): CodeIgniter\CodeIgniter->run()
CRITICAL - 2025-08-07 14:23:17 --> Call to undefined method CodeIgniter\Database\MySQLi\Result::findAll()
in APPPATH\Helpers\permission_helper.php on line 34.
 1 APPPATH\Filters\PermissionFilter.php(17): getAgentPermissions([...])
 2 SYSTEMPATH\Filters\Filters.php(173): App\Filters\PermissionFilter->before(Object(CodeIgniter\HTTP\IncomingRequest), null)
 3 SYSTEMPATH\CodeIgniter.php(473): CodeIgniter\Filters\Filters->run('droitsagent', 'before')
 4 SYSTEMPATH\CodeIgniter.php(368): CodeIgniter\CodeIgniter->handleRequest(null, Object(Config\Cache), false)
 5 FCPATH\index.php(67): CodeIgniter\CodeIgniter->run()
INFO - 2025-08-07 14:44:04 --> Session: Class initialized using 'CodeIgniter\Session\Handlers\FileHandler' driver.
CRITICAL - 2025-08-07 14:44:04 --> Undefined variable $droitsAgent
in APPPATH\Helpers\permission_helper.php on line 34.
 1 APPPATH\Helpers\permission_helper.php(34): CodeIgniter\Debug\Exceptions->errorHandler(2, 'Undefined variable $droitsAgent', 'APPPATH\\Helpers\\permission_helper.php', 34)
 2 APPPATH\Filters\PermissionFilter.php(17): getAgentPermissions([...])
 3 SYSTEMPATH\Filters\Filters.php(173): App\Filters\PermissionFilter->before(Object(CodeIgniter\HTTP\IncomingRequest), null)
 4 SYSTEMPATH\CodeIgniter.php(473): CodeIgniter\Filters\Filters->run('droitsagent', 'before')
 5 SYSTEMPATH\CodeIgniter.php(368): CodeIgniter\CodeIgniter->handleRequest(null, Object(Config\Cache), false)
 6 FCPATH\index.php(67): CodeIgniter\CodeIgniter->run()
INFO - 2025-08-07 14:44:04 --> Session: Class initialized using 'CodeIgniter\Session\Handlers\FileHandler' driver.
CRITICAL - 2025-08-07 14:44:04 --> Undefined variable $droitsAgent
in APPPATH\Helpers\permission_helper.php on line 34.
 1 APPPATH\Helpers\permission_helper.php(34): CodeIgniter\Debug\Exceptions->errorHandler(2, 'Undefined variable $droitsAgent', 'APPPATH\\Helpers\\permission_helper.php', 34)
 2 APPPATH\Filters\PermissionFilter.php(17): getAgentPermissions([...])
 3 SYSTEMPATH\Filters\Filters.php(173): App\Filters\PermissionFilter->before(Object(CodeIgniter\HTTP\IncomingRequest), null)
 4 SYSTEMPATH\CodeIgniter.php(473): CodeIgniter\Filters\Filters->run('droits', 'before')
 5 SYSTEMPATH\CodeIgniter.php(368): CodeIgniter\CodeIgniter->handleRequest(null, Object(Config\Cache), false)
 6 FCPATH\index.php(67): CodeIgniter\CodeIgniter->run()
INFO - 2025-08-07 14:44:55 --> Session: Class initialized using 'CodeIgniter\Session\Handlers\FileHandler' driver.
CRITICAL - 2025-08-07 14:44:55 --> foreach() argument must be of type array|object, null given
in APPPATH\Filters\PermissionFilter.php on line 21.
 1 APPPATH\Filters\PermissionFilter.php(21): CodeIgniter\Debug\Exceptions->errorHandler(2, 'foreach() argument must be of type array|object, null given', 'APPPATH\\Filters\\PermissionFilter.php', 21)
 2 SYSTEMPATH\Filters\Filters.php(173): App\Filters\PermissionFilter->before(Object(CodeIgniter\HTTP\IncomingRequest), null)
 3 SYSTEMPATH\CodeIgniter.php(473): CodeIgniter\Filters\Filters->run('droits', 'before')
 4 SYSTEMPATH\CodeIgniter.php(368): CodeIgniter\CodeIgniter->handleRequest(null, Object(Config\Cache), false)
 5 FCPATH\index.php(67): CodeIgniter\CodeIgniter->run()
INFO - 2025-08-07 14:44:55 --> Session: Class initialized using 'CodeIgniter\Session\Handlers\FileHandler' driver.
CRITICAL - 2025-08-07 14:44:55 --> foreach() argument must be of type array|object, null given
in APPPATH\Filters\PermissionFilter.php on line 21.
 1 APPPATH\Filters\PermissionFilter.php(21): CodeIgniter\Debug\Exceptions->errorHandler(2, 'foreach() argument must be of type array|object, null given', 'APPPATH\\Filters\\PermissionFilter.php', 21)
 2 SYSTEMPATH\Filters\Filters.php(173): App\Filters\PermissionFilter->before(Object(CodeIgniter\HTTP\IncomingRequest), null)
 3 SYSTEMPATH\CodeIgniter.php(473): CodeIgniter\Filters\Filters->run('droitsagent', 'before')
 4 SYSTEMPATH\CodeIgniter.php(368): CodeIgniter\CodeIgniter->handleRequest(null, Object(Config\Cache), false)
 5 FCPATH\index.php(67): CodeIgniter\CodeIgniter->run()
INFO - 2025-08-07 14:47:29 --> Session: Class initialized using 'CodeIgniter\Session\Handlers\FileHandler' driver.
INFO - 2025-08-07 14:47:30 --> Session: Class initialized using 'CodeIgniter\Session\Handlers\FileHandler' driver.
INFO - 2025-08-07 14:48:50 --> Session: Class initialized using 'CodeIgniter\Session\Handlers\FileHandler' driver.
INFO - 2025-08-07 14:48:50 --> Session: Class initialized using 'CodeIgniter\Session\Handlers\FileHandler' driver.
INFO - 2025-08-07 14:48:50 --> Session: Class initialized using 'CodeIgniter\Session\Handlers\FileHandler' driver.
INFO - 2025-08-07 14:49:46 --> Session: Class initialized using 'CodeIgniter\Session\Handlers\FileHandler' driver.
INFO - 2025-08-07 14:49:46 --> Session: Class initialized using 'CodeIgniter\Session\Handlers\FileHandler' driver.
INFO - 2025-08-07 14:49:46 --> Session: Class initialized using 'CodeIgniter\Session\Handlers\FileHandler' driver.
INFO - 2025-08-07 14:57:00 --> Session: Class initialized using 'CodeIgniter\Session\Handlers\FileHandler' driver.
INFO - 2025-08-07 14:57:00 --> Session: Class initialized using 'CodeIgniter\Session\Handlers\FileHandler' driver.
INFO - 2025-08-07 14:57:10 --> Session: Class initialized using 'CodeIgniter\Session\Handlers\FileHandler' driver.
INFO - 2025-08-07 14:58:21 --> Session: Class initialized using 'CodeIgniter\Session\Handlers\FileHandler' driver.
INFO - 2025-08-07 14:58:28 --> Session: Class initialized using 'CodeIgniter\Session\Handlers\FileHandler' driver.
INFO - 2025-08-07 14:58:40 --> Session: Class initialized using 'CodeIgniter\Session\Handlers\FileHandler' driver.
