INFO - 2025-07-28 12:16:35 --> Session: Class initialized using 'CodeIgniter\Session\Handlers\FileHandler' driver.
INFO - 2025-07-28 12:18:54 --> Session: Class initialized using 'CodeIgniter\Session\Handlers\FileHandler' driver.
INFO - 2025-07-28 12:19:11 --> Session: Class initialized using 'CodeIgniter\Session\Handlers\FileHandler' driver.
INFO - 2025-07-28 12:21:04 --> Session: Class initialized using 'CodeIgniter\Session\Handlers\FileHandler' driver.
INFO - 2025-07-28 12:21:26 --> Session: Class initialized using 'CodeIgniter\Session\Handlers\FileHandler' driver.
INFO - 2025-07-28 12:21:48 --> Session: Class initialized using 'CodeIgniter\Session\Handlers\FileHandler' driver.
INFO - 2025-07-28 12:22:44 --> Session: Class initialized using 'CodeIgniter\Session\Handlers\FileHandler' driver.
INFO - 2025-07-28 12:24:05 --> Session: Class initialized using 'CodeIgniter\Session\Handlers\FileHandler' driver.
INFO - 2025-07-28 12:25:05 --> Session: Class initialized using 'CodeIgniter\Session\Handlers\FileHandler' driver.
INFO - 2025-07-28 13:06:06 --> Session: Class initialized using 'CodeIgniter\Session\Handlers\FileHandler' driver.
INFO - 2025-07-28 14:13:56 --> Session: Class initialized using 'CodeIgniter\Session\Handlers\FileHandler' driver.
INFO - 2025-07-28 14:14:28 --> Session: Class initialized using 'CodeIgniter\Session\Handlers\FileHandler' driver.
INFO - 2025-07-28 14:14:32 --> Session: Class initialized using 'CodeIgniter\Session\Handlers\FileHandler' driver.
INFO - 2025-07-28 14:21:45 --> Session: Class initialized using 'CodeIgniter\Session\Handlers\FileHandler' driver.
INFO - 2025-07-28 14:23:37 --> Session: Class initialized using 'CodeIgniter\Session\Handlers\FileHandler' driver.
INFO - 2025-07-28 14:23:57 --> Session: Class initialized using 'CodeIgniter\Session\Handlers\FileHandler' driver.
INFO - 2025-07-28 16:08:06 --> Session: Class initialized using 'CodeIgniter\Session\Handlers\FileHandler' driver.
INFO - 2025-07-28 16:08:38 --> Session: Class initialized using 'CodeIgniter\Session\Handlers\FileHandler' driver.
INFO - 2025-07-28 16:09:01 --> Session: Class initialized using 'CodeIgniter\Session\Handlers\FileHandler' driver.
INFO - 2025-07-28 16:10:58 --> Session: Class initialized using 'CodeIgniter\Session\Handlers\FileHandler' driver.
INFO - 2025-07-28 16:11:06 --> Session: Class initialized using 'CodeIgniter\Session\Handlers\FileHandler' driver.
INFO - 2025-07-28 16:12:28 --> Session: Class initialized using 'CodeIgniter\Session\Handlers\FileHandler' driver.
INFO - 2025-07-28 16:12:41 --> Session: Class initialized using 'CodeIgniter\Session\Handlers\FileHandler' driver.
INFO - 2025-07-28 16:13:50 --> Session: Class initialized using 'CodeIgniter\Session\Handlers\FileHandler' driver.
INFO - 2025-07-28 16:13:52 --> Session: Class initialized using 'CodeIgniter\Session\Handlers\FileHandler' driver.
INFO - 2025-07-28 16:13:53 --> Session: Class initialized using 'CodeIgniter\Session\Handlers\FileHandler' driver.
INFO - 2025-07-28 19:09:37 --> Session: Class initialized using 'CodeIgniter\Session\Handlers\FileHandler' driver.
CRITICAL - 2025-07-28 19:09:37 --> Key material must be a string, resource, or OpenSSLAsymmetricKey
in FCPATH\vendor\firebase\php-jwt\src\Key.php on line 26.
 1 APPPATH\Helpers\jwt_helper.php(23): Firebase\JWT\Key->__construct(false, 'HS256')
 2 APPPATH\Filters\MyAuthFilter.php(70): validateJWTFromRequest('eyJ0eXAiOiJKV1QiLCJhbGciOiJIUzI1NiJ9.eyJpZF91c2VyIjoiMjUiLCJpYXQiOjE3NDU0MDM0NDcsImV4cCI6MzE1NTM0NTQwMzQ0N30.sKA5BZ9nsdR_c37XllsieSp8xUeFiGKMwU8smjpFKAQ')
 3 APPPATH\Filters\MyAuthFilter.php(35): App\Filters\MyAuthFilter->tryLoginByToken(Object(CodeIgniter\HTTP\IncomingRequest))
 4 SYSTEMPATH\Filters\Filters.php(173): App\Filters\MyAuthFilter->before(Object(CodeIgniter\HTTP\IncomingRequest), null)
 5 SYSTEMPATH\CodeIgniter.php(473): CodeIgniter\Filters\Filters->run('client', 'before')
 6 SYSTEMPATH\CodeIgniter.php(368): CodeIgniter\CodeIgniter->handleRequest(null, Object(Config\Cache), false)
 7 FCPATH\index.php(67): CodeIgniter\CodeIgniter->run()
CRITICAL - 2025-07-28 20:05:14 --> Deletes are not allowed unless they contain a "where" or "like" clause.
in SYSTEMPATH\Database\BaseBuilder.php on line 2753.
 1 SYSTEMPATH\Model.php(455): CodeIgniter\Database\BaseBuilder->delete()
 2 SYSTEMPATH\BaseModel.php(1065): CodeIgniter\Model->doDelete([], false)
 3 APPPATH\Controllers\DroitsAgent.php(113): CodeIgniter\BaseModel->delete([])
 4 APPPATH\Controllers\DroitsAgent.php(102): App\Controllers\DroitsAgent->destroy('165')
 5 SYSTEMPATH\CodeIgniter.php(934): App\Controllers\DroitsAgent->delete('165')
 6 SYSTEMPATH\CodeIgniter.php(499): CodeIgniter\CodeIgniter->runController(Object(App\Controllers\DroitsAgent))
 7 SYSTEMPATH\CodeIgniter.php(368): CodeIgniter\CodeIgniter->handleRequest(null, Object(Config\Cache), false)
 8 FCPATH\index.php(67): CodeIgniter\CodeIgniter->run()
CRITICAL - 2025-07-28 20:05:14 --> Deletes are not allowed unless they contain a "where" or "like" clause.
in SYSTEMPATH\Database\BaseBuilder.php on line 2753.
 1 SYSTEMPATH\Model.php(455): CodeIgniter\Database\BaseBuilder->delete()
 2 SYSTEMPATH\BaseModel.php(1065): CodeIgniter\Model->doDelete([], false)
 3 APPPATH\Controllers\DroitsAgent.php(113): CodeIgniter\BaseModel->delete([])
 4 APPPATH\Controllers\DroitsAgent.php(102): App\Controllers\DroitsAgent->destroy('157')
 5 SYSTEMPATH\CodeIgniter.php(934): App\Controllers\DroitsAgent->delete('157')
 6 SYSTEMPATH\CodeIgniter.php(499): CodeIgniter\CodeIgniter->runController(Object(App\Controllers\DroitsAgent))
 7 SYSTEMPATH\CodeIgniter.php(368): CodeIgniter\CodeIgniter->handleRequest(null, Object(Config\Cache), false)
 8 FCPATH\index.php(67): CodeIgniter\CodeIgniter->run()
CRITICAL - 2025-07-28 20:05:14 --> Deletes are not allowed unless they contain a "where" or "like" clause.
in SYSTEMPATH\Database\BaseBuilder.php on line 2753.
 1 SYSTEMPATH\Model.php(455): CodeIgniter\Database\BaseBuilder->delete()
 2 SYSTEMPATH\BaseModel.php(1065): CodeIgniter\Model->doDelete([], false)
 3 APPPATH\Controllers\DroitsAgent.php(113): CodeIgniter\BaseModel->delete([])
 4 APPPATH\Controllers\DroitsAgent.php(102): App\Controllers\DroitsAgent->destroy('158')
 5 SYSTEMPATH\CodeIgniter.php(934): App\Controllers\DroitsAgent->delete('158')
 6 SYSTEMPATH\CodeIgniter.php(499): CodeIgniter\CodeIgniter->runController(Object(App\Controllers\DroitsAgent))
 7 SYSTEMPATH\CodeIgniter.php(368): CodeIgniter\CodeIgniter->handleRequest(null, Object(Config\Cache), false)
 8 FCPATH\index.php(67): CodeIgniter\CodeIgniter->run()
CRITICAL - 2025-07-28 20:05:14 --> Deletes are not allowed unless they contain a "where" or "like" clause.
in SYSTEMPATH\Database\BaseBuilder.php on line 2753.
 1 SYSTEMPATH\Model.php(455): CodeIgniter\Database\BaseBuilder->delete()
 2 SYSTEMPATH\BaseModel.php(1065): CodeIgniter\Model->doDelete([], false)
 3 APPPATH\Controllers\DroitsAgent.php(113): CodeIgniter\BaseModel->delete([])
 4 APPPATH\Controllers\DroitsAgent.php(102): App\Controllers\DroitsAgent->destroy('159')
 5 SYSTEMPATH\CodeIgniter.php(934): App\Controllers\DroitsAgent->delete('159')
 6 SYSTEMPATH\CodeIgniter.php(499): CodeIgniter\CodeIgniter->runController(Object(App\Controllers\DroitsAgent))
 7 SYSTEMPATH\CodeIgniter.php(368): CodeIgniter\CodeIgniter->handleRequest(null, Object(Config\Cache), false)
 8 FCPATH\index.php(67): CodeIgniter\CodeIgniter->run()
CRITICAL - 2025-07-28 20:05:14 --> Deletes are not allowed unless they contain a "where" or "like" clause.
in SYSTEMPATH\Database\BaseBuilder.php on line 2753.
 1 SYSTEMPATH\Model.php(455): CodeIgniter\Database\BaseBuilder->delete()
 2 SYSTEMPATH\BaseModel.php(1065): CodeIgniter\Model->doDelete([], false)
 3 APPPATH\Controllers\DroitsAgent.php(113): CodeIgniter\BaseModel->delete([])
 4 APPPATH\Controllers\DroitsAgent.php(102): App\Controllers\DroitsAgent->destroy('160')
 5 SYSTEMPATH\CodeIgniter.php(934): App\Controllers\DroitsAgent->delete('160')
 6 SYSTEMPATH\CodeIgniter.php(499): CodeIgniter\CodeIgniter->runController(Object(App\Controllers\DroitsAgent))
 7 SYSTEMPATH\CodeIgniter.php(368): CodeIgniter\CodeIgniter->handleRequest(null, Object(Config\Cache), false)
 8 FCPATH\index.php(67): CodeIgniter\CodeIgniter->run()
CRITICAL - 2025-07-28 20:05:14 --> Deletes are not allowed unless they contain a "where" or "like" clause.
in SYSTEMPATH\Database\BaseBuilder.php on line 2753.
 1 SYSTEMPATH\Model.php(455): CodeIgniter\Database\BaseBuilder->delete()
 2 SYSTEMPATH\BaseModel.php(1065): CodeIgniter\Model->doDelete([], false)
 3 APPPATH\Controllers\DroitsAgent.php(113): CodeIgniter\BaseModel->delete([])
 4 APPPATH\Controllers\DroitsAgent.php(102): App\Controllers\DroitsAgent->destroy('161')
 5 SYSTEMPATH\CodeIgniter.php(934): App\Controllers\DroitsAgent->delete('161')
 6 SYSTEMPATH\CodeIgniter.php(499): CodeIgniter\CodeIgniter->runController(Object(App\Controllers\DroitsAgent))
 7 SYSTEMPATH\CodeIgniter.php(368): CodeIgniter\CodeIgniter->handleRequest(null, Object(Config\Cache), false)
 8 FCPATH\index.php(67): CodeIgniter\CodeIgniter->run()
CRITICAL - 2025-07-28 20:05:15 --> Deletes are not allowed unless they contain a "where" or "like" clause.
in SYSTEMPATH\Database\BaseBuilder.php on line 2753.
 1 SYSTEMPATH\Model.php(455): CodeIgniter\Database\BaseBuilder->delete()
 2 SYSTEMPATH\BaseModel.php(1065): CodeIgniter\Model->doDelete([], false)
 3 APPPATH\Controllers\DroitsAgent.php(113): CodeIgniter\BaseModel->delete([])
 4 APPPATH\Controllers\DroitsAgent.php(102): App\Controllers\DroitsAgent->destroy('162')
 5 SYSTEMPATH\CodeIgniter.php(934): App\Controllers\DroitsAgent->delete('162')
 6 SYSTEMPATH\CodeIgniter.php(499): CodeIgniter\CodeIgniter->runController(Object(App\Controllers\DroitsAgent))
 7 SYSTEMPATH\CodeIgniter.php(368): CodeIgniter\CodeIgniter->handleRequest(null, Object(Config\Cache), false)
 8 FCPATH\index.php(67): CodeIgniter\CodeIgniter->run()
CRITICAL - 2025-07-28 20:05:15 --> Deletes are not allowed unless they contain a "where" or "like" clause.
in SYSTEMPATH\Database\BaseBuilder.php on line 2753.
 1 SYSTEMPATH\Model.php(455): CodeIgniter\Database\BaseBuilder->delete()
 2 SYSTEMPATH\BaseModel.php(1065): CodeIgniter\Model->doDelete([], false)
 3 APPPATH\Controllers\DroitsAgent.php(113): CodeIgniter\BaseModel->delete([])
 4 APPPATH\Controllers\DroitsAgent.php(102): App\Controllers\DroitsAgent->destroy('163')
 5 SYSTEMPATH\CodeIgniter.php(934): App\Controllers\DroitsAgent->delete('163')
 6 SYSTEMPATH\CodeIgniter.php(499): CodeIgniter\CodeIgniter->runController(Object(App\Controllers\DroitsAgent))
 7 SYSTEMPATH\CodeIgniter.php(368): CodeIgniter\CodeIgniter->handleRequest(null, Object(Config\Cache), false)
 8 FCPATH\index.php(67): CodeIgniter\CodeIgniter->run()
CRITICAL - 2025-07-28 20:05:15 --> Deletes are not allowed unless they contain a "where" or "like" clause.
in SYSTEMPATH\Database\BaseBuilder.php on line 2753.
 1 SYSTEMPATH\Model.php(455): CodeIgniter\Database\BaseBuilder->delete()
 2 SYSTEMPATH\BaseModel.php(1065): CodeIgniter\Model->doDelete([], false)
 3 APPPATH\Controllers\DroitsAgent.php(113): CodeIgniter\BaseModel->delete([])
 4 APPPATH\Controllers\DroitsAgent.php(102): App\Controllers\DroitsAgent->destroy('164')
 5 SYSTEMPATH\CodeIgniter.php(934): App\Controllers\DroitsAgent->delete('164')
 6 SYSTEMPATH\CodeIgniter.php(499): CodeIgniter\CodeIgniter->runController(Object(App\Controllers\DroitsAgent))
 7 SYSTEMPATH\CodeIgniter.php(368): CodeIgniter\CodeIgniter->handleRequest(null, Object(Config\Cache), false)
 8 FCPATH\index.php(67): CodeIgniter\CodeIgniter->run()
CRITICAL - 2025-07-28 20:05:15 --> Deletes are not allowed unless they contain a "where" or "like" clause.
in SYSTEMPATH\Database\BaseBuilder.php on line 2753.
 1 SYSTEMPATH\Model.php(455): CodeIgniter\Database\BaseBuilder->delete()
 2 SYSTEMPATH\BaseModel.php(1065): CodeIgniter\Model->doDelete([], false)
 3 APPPATH\Controllers\DroitsAgent.php(113): CodeIgniter\BaseModel->delete([])
 4 APPPATH\Controllers\DroitsAgent.php(102): App\Controllers\DroitsAgent->destroy('142')
 5 SYSTEMPATH\CodeIgniter.php(934): App\Controllers\DroitsAgent->delete('142')
 6 SYSTEMPATH\CodeIgniter.php(499): CodeIgniter\CodeIgniter->runController(Object(App\Controllers\DroitsAgent))
 7 SYSTEMPATH\CodeIgniter.php(368): CodeIgniter\CodeIgniter->handleRequest(null, Object(Config\Cache), false)
 8 FCPATH\index.php(67): CodeIgniter\CodeIgniter->run()
CRITICAL - 2025-07-28 20:05:15 --> Deletes are not allowed unless they contain a "where" or "like" clause.
in SYSTEMPATH\Database\BaseBuilder.php on line 2753.
 1 SYSTEMPATH\Model.php(455): CodeIgniter\Database\BaseBuilder->delete()
 2 SYSTEMPATH\BaseModel.php(1065): CodeIgniter\Model->doDelete([], false)
 3 APPPATH\Controllers\DroitsAgent.php(113): CodeIgniter\BaseModel->delete([])
 4 APPPATH\Controllers\DroitsAgent.php(102): App\Controllers\DroitsAgent->destroy('143')
 5 SYSTEMPATH\CodeIgniter.php(934): App\Controllers\DroitsAgent->delete('143')
 6 SYSTEMPATH\CodeIgniter.php(499): CodeIgniter\CodeIgniter->runController(Object(App\Controllers\DroitsAgent))
 7 SYSTEMPATH\CodeIgniter.php(368): CodeIgniter\CodeIgniter->handleRequest(null, Object(Config\Cache), false)
 8 FCPATH\index.php(67): CodeIgniter\CodeIgniter->run()
CRITICAL - 2025-07-28 20:05:15 --> Deletes are not allowed unless they contain a "where" or "like" clause.
in SYSTEMPATH\Database\BaseBuilder.php on line 2753.
 1 SYSTEMPATH\Model.php(455): CodeIgniter\Database\BaseBuilder->delete()
 2 SYSTEMPATH\BaseModel.php(1065): CodeIgniter\Model->doDelete([], false)
 3 APPPATH\Controllers\DroitsAgent.php(113): CodeIgniter\BaseModel->delete([])
 4 APPPATH\Controllers\DroitsAgent.php(102): App\Controllers\DroitsAgent->destroy('144')
 5 SYSTEMPATH\CodeIgniter.php(934): App\Controllers\DroitsAgent->delete('144')
 6 SYSTEMPATH\CodeIgniter.php(499): CodeIgniter\CodeIgniter->runController(Object(App\Controllers\DroitsAgent))
 7 SYSTEMPATH\CodeIgniter.php(368): CodeIgniter\CodeIgniter->handleRequest(null, Object(Config\Cache), false)
 8 FCPATH\index.php(67): CodeIgniter\CodeIgniter->run()
CRITICAL - 2025-07-28 20:05:15 --> Deletes are not allowed unless they contain a "where" or "like" clause.
in SYSTEMPATH\Database\BaseBuilder.php on line 2753.
 1 SYSTEMPATH\Model.php(455): CodeIgniter\Database\BaseBuilder->delete()
 2 SYSTEMPATH\BaseModel.php(1065): CodeIgniter\Model->doDelete([], false)
 3 APPPATH\Controllers\DroitsAgent.php(113): CodeIgniter\BaseModel->delete([])
 4 APPPATH\Controllers\DroitsAgent.php(102): App\Controllers\DroitsAgent->destroy('145')
 5 SYSTEMPATH\CodeIgniter.php(934): App\Controllers\DroitsAgent->delete('145')
 6 SYSTEMPATH\CodeIgniter.php(499): CodeIgniter\CodeIgniter->runController(Object(App\Controllers\DroitsAgent))
 7 SYSTEMPATH\CodeIgniter.php(368): CodeIgniter\CodeIgniter->handleRequest(null, Object(Config\Cache), false)
 8 FCPATH\index.php(67): CodeIgniter\CodeIgniter->run()
CRITICAL - 2025-07-28 20:05:15 --> Deletes are not allowed unless they contain a "where" or "like" clause.
in SYSTEMPATH\Database\BaseBuilder.php on line 2753.
 1 SYSTEMPATH\Model.php(455): CodeIgniter\Database\BaseBuilder->delete()
 2 SYSTEMPATH\BaseModel.php(1065): CodeIgniter\Model->doDelete([], false)
 3 APPPATH\Controllers\DroitsAgent.php(113): CodeIgniter\BaseModel->delete([])
 4 APPPATH\Controllers\DroitsAgent.php(102): App\Controllers\DroitsAgent->destroy('146')
 5 SYSTEMPATH\CodeIgniter.php(934): App\Controllers\DroitsAgent->delete('146')
 6 SYSTEMPATH\CodeIgniter.php(499): CodeIgniter\CodeIgniter->runController(Object(App\Controllers\DroitsAgent))
 7 SYSTEMPATH\CodeIgniter.php(368): CodeIgniter\CodeIgniter->handleRequest(null, Object(Config\Cache), false)
 8 FCPATH\index.php(67): CodeIgniter\CodeIgniter->run()
CRITICAL - 2025-07-28 20:05:15 --> Deletes are not allowed unless they contain a "where" or "like" clause.
in SYSTEMPATH\Database\BaseBuilder.php on line 2753.
 1 SYSTEMPATH\Model.php(455): CodeIgniter\Database\BaseBuilder->delete()
 2 SYSTEMPATH\BaseModel.php(1065): CodeIgniter\Model->doDelete([], false)
 3 APPPATH\Controllers\DroitsAgent.php(113): CodeIgniter\BaseModel->delete([])
 4 APPPATH\Controllers\DroitsAgent.php(102): App\Controllers\DroitsAgent->destroy('147')
 5 SYSTEMPATH\CodeIgniter.php(934): App\Controllers\DroitsAgent->delete('147')
 6 SYSTEMPATH\CodeIgniter.php(499): CodeIgniter\CodeIgniter->runController(Object(App\Controllers\DroitsAgent))
 7 SYSTEMPATH\CodeIgniter.php(368): CodeIgniter\CodeIgniter->handleRequest(null, Object(Config\Cache), false)
 8 FCPATH\index.php(67): CodeIgniter\CodeIgniter->run()
CRITICAL - 2025-07-28 20:05:15 --> Deletes are not allowed unless they contain a "where" or "like" clause.
in SYSTEMPATH\Database\BaseBuilder.php on line 2753.
 1 SYSTEMPATH\Model.php(455): CodeIgniter\Database\BaseBuilder->delete()
 2 SYSTEMPATH\BaseModel.php(1065): CodeIgniter\Model->doDelete([], false)
 3 APPPATH\Controllers\DroitsAgent.php(113): CodeIgniter\BaseModel->delete([])
 4 APPPATH\Controllers\DroitsAgent.php(102): App\Controllers\DroitsAgent->destroy('148')
 5 SYSTEMPATH\CodeIgniter.php(934): App\Controllers\DroitsAgent->delete('148')
 6 SYSTEMPATH\CodeIgniter.php(499): CodeIgniter\CodeIgniter->runController(Object(App\Controllers\DroitsAgent))
 7 SYSTEMPATH\CodeIgniter.php(368): CodeIgniter\CodeIgniter->handleRequest(null, Object(Config\Cache), false)
 8 FCPATH\index.php(67): CodeIgniter\CodeIgniter->run()
CRITICAL - 2025-07-28 20:05:15 --> Deletes are not allowed unless they contain a "where" or "like" clause.
in SYSTEMPATH\Database\BaseBuilder.php on line 2753.
 1 SYSTEMPATH\Model.php(455): CodeIgniter\Database\BaseBuilder->delete()
 2 SYSTEMPATH\BaseModel.php(1065): CodeIgniter\Model->doDelete([], false)
 3 APPPATH\Controllers\DroitsAgent.php(113): CodeIgniter\BaseModel->delete([])
 4 APPPATH\Controllers\DroitsAgent.php(102): App\Controllers\DroitsAgent->destroy('165')
 5 SYSTEMPATH\CodeIgniter.php(934): App\Controllers\DroitsAgent->delete('165')
 6 SYSTEMPATH\CodeIgniter.php(499): CodeIgniter\CodeIgniter->runController(Object(App\Controllers\DroitsAgent))
 7 SYSTEMPATH\CodeIgniter.php(368): CodeIgniter\CodeIgniter->handleRequest(null, Object(Config\Cache), false)
 8 FCPATH\index.php(67): CodeIgniter\CodeIgniter->run()
CRITICAL - 2025-07-28 20:05:16 --> Deletes are not allowed unless they contain a "where" or "like" clause.
in SYSTEMPATH\Database\BaseBuilder.php on line 2753.
 1 SYSTEMPATH\Model.php(455): CodeIgniter\Database\BaseBuilder->delete()
 2 SYSTEMPATH\BaseModel.php(1065): CodeIgniter\Model->doDelete([], false)
 3 APPPATH\Controllers\DroitsAgent.php(113): CodeIgniter\BaseModel->delete([])
 4 APPPATH\Controllers\DroitsAgent.php(102): App\Controllers\DroitsAgent->destroy('149')
 5 SYSTEMPATH\CodeIgniter.php(934): App\Controllers\DroitsAgent->delete('149')
 6 SYSTEMPATH\CodeIgniter.php(499): CodeIgniter\CodeIgniter->runController(Object(App\Controllers\DroitsAgent))
 7 SYSTEMPATH\CodeIgniter.php(368): CodeIgniter\CodeIgniter->handleRequest(null, Object(Config\Cache), false)
 8 FCPATH\index.php(67): CodeIgniter\CodeIgniter->run()
CRITICAL - 2025-07-28 20:05:16 --> Deletes are not allowed unless they contain a "where" or "like" clause.
in SYSTEMPATH\Database\BaseBuilder.php on line 2753.
 1 SYSTEMPATH\Model.php(455): CodeIgniter\Database\BaseBuilder->delete()
 2 SYSTEMPATH\BaseModel.php(1065): CodeIgniter\Model->doDelete([], false)
 3 APPPATH\Controllers\DroitsAgent.php(113): CodeIgniter\BaseModel->delete([])
 4 APPPATH\Controllers\DroitsAgent.php(102): App\Controllers\DroitsAgent->destroy('157')
 5 SYSTEMPATH\CodeIgniter.php(934): App\Controllers\DroitsAgent->delete('157')
 6 SYSTEMPATH\CodeIgniter.php(499): CodeIgniter\CodeIgniter->runController(Object(App\Controllers\DroitsAgent))
 7 SYSTEMPATH\CodeIgniter.php(368): CodeIgniter\CodeIgniter->handleRequest(null, Object(Config\Cache), false)
 8 FCPATH\index.php(67): CodeIgniter\CodeIgniter->run()
CRITICAL - 2025-07-28 20:05:16 --> Deletes are not allowed unless they contain a "where" or "like" clause.
in SYSTEMPATH\Database\BaseBuilder.php on line 2753.
 1 SYSTEMPATH\Model.php(455): CodeIgniter\Database\BaseBuilder->delete()
 2 SYSTEMPATH\BaseModel.php(1065): CodeIgniter\Model->doDelete([], false)
 3 APPPATH\Controllers\DroitsAgent.php(113): CodeIgniter\BaseModel->delete([])
 4 APPPATH\Controllers\DroitsAgent.php(102): App\Controllers\DroitsAgent->destroy('150')
 5 SYSTEMPATH\CodeIgniter.php(934): App\Controllers\DroitsAgent->delete('150')
 6 SYSTEMPATH\CodeIgniter.php(499): CodeIgniter\CodeIgniter->runController(Object(App\Controllers\DroitsAgent))
 7 SYSTEMPATH\CodeIgniter.php(368): CodeIgniter\CodeIgniter->handleRequest(null, Object(Config\Cache), false)
 8 FCPATH\index.php(67): CodeIgniter\CodeIgniter->run()
CRITICAL - 2025-07-28 20:05:16 --> Deletes are not allowed unless they contain a "where" or "like" clause.
in SYSTEMPATH\Database\BaseBuilder.php on line 2753.
 1 SYSTEMPATH\Model.php(455): CodeIgniter\Database\BaseBuilder->delete()
 2 SYSTEMPATH\BaseModel.php(1065): CodeIgniter\Model->doDelete([], false)
 3 APPPATH\Controllers\DroitsAgent.php(113): CodeIgniter\BaseModel->delete([])
 4 APPPATH\Controllers\DroitsAgent.php(102): App\Controllers\DroitsAgent->destroy('158')
 5 SYSTEMPATH\CodeIgniter.php(934): App\Controllers\DroitsAgent->delete('158')
 6 SYSTEMPATH\CodeIgniter.php(499): CodeIgniter\CodeIgniter->runController(Object(App\Controllers\DroitsAgent))
 7 SYSTEMPATH\CodeIgniter.php(368): CodeIgniter\CodeIgniter->handleRequest(null, Object(Config\Cache), false)
 8 FCPATH\index.php(67): CodeIgniter\CodeIgniter->run()
CRITICAL - 2025-07-28 20:05:16 --> Deletes are not allowed unless they contain a "where" or "like" clause.
in SYSTEMPATH\Database\BaseBuilder.php on line 2753.
 1 SYSTEMPATH\Model.php(455): CodeIgniter\Database\BaseBuilder->delete()
 2 SYSTEMPATH\BaseModel.php(1065): CodeIgniter\Model->doDelete([], false)
 3 APPPATH\Controllers\DroitsAgent.php(113): CodeIgniter\BaseModel->delete([])
 4 APPPATH\Controllers\DroitsAgent.php(102): App\Controllers\DroitsAgent->destroy('151')
 5 SYSTEMPATH\CodeIgniter.php(934): App\Controllers\DroitsAgent->delete('151')
 6 SYSTEMPATH\CodeIgniter.php(499): CodeIgniter\CodeIgniter->runController(Object(App\Controllers\DroitsAgent))
 7 SYSTEMPATH\CodeIgniter.php(368): CodeIgniter\CodeIgniter->handleRequest(null, Object(Config\Cache), false)
 8 FCPATH\index.php(67): CodeIgniter\CodeIgniter->run()
CRITICAL - 2025-07-28 20:05:16 --> Deletes are not allowed unless they contain a "where" or "like" clause.
in SYSTEMPATH\Database\BaseBuilder.php on line 2753.
 1 SYSTEMPATH\Model.php(455): CodeIgniter\Database\BaseBuilder->delete()
 2 SYSTEMPATH\BaseModel.php(1065): CodeIgniter\Model->doDelete([], false)
 3 APPPATH\Controllers\DroitsAgent.php(113): CodeIgniter\BaseModel->delete([])
 4 APPPATH\Controllers\DroitsAgent.php(102): App\Controllers\DroitsAgent->destroy('159')
 5 SYSTEMPATH\CodeIgniter.php(934): App\Controllers\DroitsAgent->delete('159')
 6 SYSTEMPATH\CodeIgniter.php(499): CodeIgniter\CodeIgniter->runController(Object(App\Controllers\DroitsAgent))
 7 SYSTEMPATH\CodeIgniter.php(368): CodeIgniter\CodeIgniter->handleRequest(null, Object(Config\Cache), false)
 8 FCPATH\index.php(67): CodeIgniter\CodeIgniter->run()
CRITICAL - 2025-07-28 20:05:16 --> Deletes are not allowed unless they contain a "where" or "like" clause.
in SYSTEMPATH\Database\BaseBuilder.php on line 2753.
 1 SYSTEMPATH\Model.php(455): CodeIgniter\Database\BaseBuilder->delete()
 2 SYSTEMPATH\BaseModel.php(1065): CodeIgniter\Model->doDelete([], false)
 3 APPPATH\Controllers\DroitsAgent.php(113): CodeIgniter\BaseModel->delete([])
 4 APPPATH\Controllers\DroitsAgent.php(102): App\Controllers\DroitsAgent->destroy('152')
 5 SYSTEMPATH\CodeIgniter.php(934): App\Controllers\DroitsAgent->delete('152')
 6 SYSTEMPATH\CodeIgniter.php(499): CodeIgniter\CodeIgniter->runController(Object(App\Controllers\DroitsAgent))
 7 SYSTEMPATH\CodeIgniter.php(368): CodeIgniter\CodeIgniter->handleRequest(null, Object(Config\Cache), false)
 8 FCPATH\index.php(67): CodeIgniter\CodeIgniter->run()
CRITICAL - 2025-07-28 20:05:16 --> Deletes are not allowed unless they contain a "where" or "like" clause.
in SYSTEMPATH\Database\BaseBuilder.php on line 2753.
 1 SYSTEMPATH\Model.php(455): CodeIgniter\Database\BaseBuilder->delete()
 2 SYSTEMPATH\BaseModel.php(1065): CodeIgniter\Model->doDelete([], false)
 3 APPPATH\Controllers\DroitsAgent.php(113): CodeIgniter\BaseModel->delete([])
 4 APPPATH\Controllers\DroitsAgent.php(102): App\Controllers\DroitsAgent->destroy('160')
 5 SYSTEMPATH\CodeIgniter.php(934): App\Controllers\DroitsAgent->delete('160')
 6 SYSTEMPATH\CodeIgniter.php(499): CodeIgniter\CodeIgniter->runController(Object(App\Controllers\DroitsAgent))
 7 SYSTEMPATH\CodeIgniter.php(368): CodeIgniter\CodeIgniter->handleRequest(null, Object(Config\Cache), false)
 8 FCPATH\index.php(67): CodeIgniter\CodeIgniter->run()
CRITICAL - 2025-07-28 20:05:16 --> Deletes are not allowed unless they contain a "where" or "like" clause.
in SYSTEMPATH\Database\BaseBuilder.php on line 2753.
 1 SYSTEMPATH\Model.php(455): CodeIgniter\Database\BaseBuilder->delete()
 2 SYSTEMPATH\BaseModel.php(1065): CodeIgniter\Model->doDelete([], false)
 3 APPPATH\Controllers\DroitsAgent.php(113): CodeIgniter\BaseModel->delete([])
 4 APPPATH\Controllers\DroitsAgent.php(102): App\Controllers\DroitsAgent->destroy('153')
 5 SYSTEMPATH\CodeIgniter.php(934): App\Controllers\DroitsAgent->delete('153')
 6 SYSTEMPATH\CodeIgniter.php(499): CodeIgniter\CodeIgniter->runController(Object(App\Controllers\DroitsAgent))
 7 SYSTEMPATH\CodeIgniter.php(368): CodeIgniter\CodeIgniter->handleRequest(null, Object(Config\Cache), false)
 8 FCPATH\index.php(67): CodeIgniter\CodeIgniter->run()
CRITICAL - 2025-07-28 20:05:16 --> Deletes are not allowed unless they contain a "where" or "like" clause.
in SYSTEMPATH\Database\BaseBuilder.php on line 2753.
 1 SYSTEMPATH\Model.php(455): CodeIgniter\Database\BaseBuilder->delete()
 2 SYSTEMPATH\BaseModel.php(1065): CodeIgniter\Model->doDelete([], false)
 3 APPPATH\Controllers\DroitsAgent.php(113): CodeIgniter\BaseModel->delete([])
 4 APPPATH\Controllers\DroitsAgent.php(102): App\Controllers\DroitsAgent->destroy('161')
 5 SYSTEMPATH\CodeIgniter.php(934): App\Controllers\DroitsAgent->delete('161')
 6 SYSTEMPATH\CodeIgniter.php(499): CodeIgniter\CodeIgniter->runController(Object(App\Controllers\DroitsAgent))
 7 SYSTEMPATH\CodeIgniter.php(368): CodeIgniter\CodeIgniter->handleRequest(null, Object(Config\Cache), false)
 8 FCPATH\index.php(67): CodeIgniter\CodeIgniter->run()
CRITICAL - 2025-07-28 20:05:16 --> Deletes are not allowed unless they contain a "where" or "like" clause.
in SYSTEMPATH\Database\BaseBuilder.php on line 2753.
 1 SYSTEMPATH\Model.php(455): CodeIgniter\Database\BaseBuilder->delete()
 2 SYSTEMPATH\BaseModel.php(1065): CodeIgniter\Model->doDelete([], false)
 3 APPPATH\Controllers\DroitsAgent.php(113): CodeIgniter\BaseModel->delete([])
 4 APPPATH\Controllers\DroitsAgent.php(102): App\Controllers\DroitsAgent->destroy('154')
 5 SYSTEMPATH\CodeIgniter.php(934): App\Controllers\DroitsAgent->delete('154')
 6 SYSTEMPATH\CodeIgniter.php(499): CodeIgniter\CodeIgniter->runController(Object(App\Controllers\DroitsAgent))
 7 SYSTEMPATH\CodeIgniter.php(368): CodeIgniter\CodeIgniter->handleRequest(null, Object(Config\Cache), false)
 8 FCPATH\index.php(67): CodeIgniter\CodeIgniter->run()
CRITICAL - 2025-07-28 20:05:16 --> Deletes are not allowed unless they contain a "where" or "like" clause.
in SYSTEMPATH\Database\BaseBuilder.php on line 2753.
 1 SYSTEMPATH\Model.php(455): CodeIgniter\Database\BaseBuilder->delete()
 2 SYSTEMPATH\BaseModel.php(1065): CodeIgniter\Model->doDelete([], false)
 3 APPPATH\Controllers\DroitsAgent.php(113): CodeIgniter\BaseModel->delete([])
 4 APPPATH\Controllers\DroitsAgent.php(102): App\Controllers\DroitsAgent->destroy('162')
 5 SYSTEMPATH\CodeIgniter.php(934): App\Controllers\DroitsAgent->delete('162')
 6 SYSTEMPATH\CodeIgniter.php(499): CodeIgniter\CodeIgniter->runController(Object(App\Controllers\DroitsAgent))
 7 SYSTEMPATH\CodeIgniter.php(368): CodeIgniter\CodeIgniter->handleRequest(null, Object(Config\Cache), false)
 8 FCPATH\index.php(67): CodeIgniter\CodeIgniter->run()
CRITICAL - 2025-07-28 20:05:16 --> Deletes are not allowed unless they contain a "where" or "like" clause.
in SYSTEMPATH\Database\BaseBuilder.php on line 2753.
 1 SYSTEMPATH\Model.php(455): CodeIgniter\Database\BaseBuilder->delete()
 2 SYSTEMPATH\BaseModel.php(1065): CodeIgniter\Model->doDelete([], false)
 3 APPPATH\Controllers\DroitsAgent.php(113): CodeIgniter\BaseModel->delete([])
 4 APPPATH\Controllers\DroitsAgent.php(102): App\Controllers\DroitsAgent->destroy('155')
 5 SYSTEMPATH\CodeIgniter.php(934): App\Controllers\DroitsAgent->delete('155')
 6 SYSTEMPATH\CodeIgniter.php(499): CodeIgniter\CodeIgniter->runController(Object(App\Controllers\DroitsAgent))
 7 SYSTEMPATH\CodeIgniter.php(368): CodeIgniter\CodeIgniter->handleRequest(null, Object(Config\Cache), false)
 8 FCPATH\index.php(67): CodeIgniter\CodeIgniter->run()
CRITICAL - 2025-07-28 20:05:16 --> Deletes are not allowed unless they contain a "where" or "like" clause.
in SYSTEMPATH\Database\BaseBuilder.php on line 2753.
 1 SYSTEMPATH\Model.php(455): CodeIgniter\Database\BaseBuilder->delete()
 2 SYSTEMPATH\BaseModel.php(1065): CodeIgniter\Model->doDelete([], false)
 3 APPPATH\Controllers\DroitsAgent.php(113): CodeIgniter\BaseModel->delete([])
 4 APPPATH\Controllers\DroitsAgent.php(102): App\Controllers\DroitsAgent->destroy('163')
 5 SYSTEMPATH\CodeIgniter.php(934): App\Controllers\DroitsAgent->delete('163')
 6 SYSTEMPATH\CodeIgniter.php(499): CodeIgniter\CodeIgniter->runController(Object(App\Controllers\DroitsAgent))
 7 SYSTEMPATH\CodeIgniter.php(368): CodeIgniter\CodeIgniter->handleRequest(null, Object(Config\Cache), false)
 8 FCPATH\index.php(67): CodeIgniter\CodeIgniter->run()
CRITICAL - 2025-07-28 20:05:16 --> Deletes are not allowed unless they contain a "where" or "like" clause.
in SYSTEMPATH\Database\BaseBuilder.php on line 2753.
 1 SYSTEMPATH\Model.php(455): CodeIgniter\Database\BaseBuilder->delete()
 2 SYSTEMPATH\BaseModel.php(1065): CodeIgniter\Model->doDelete([], false)
 3 APPPATH\Controllers\DroitsAgent.php(113): CodeIgniter\BaseModel->delete([])
 4 APPPATH\Controllers\DroitsAgent.php(102): App\Controllers\DroitsAgent->destroy('156')
 5 SYSTEMPATH\CodeIgniter.php(934): App\Controllers\DroitsAgent->delete('156')
 6 SYSTEMPATH\CodeIgniter.php(499): CodeIgniter\CodeIgniter->runController(Object(App\Controllers\DroitsAgent))
 7 SYSTEMPATH\CodeIgniter.php(368): CodeIgniter\CodeIgniter->handleRequest(null, Object(Config\Cache), false)
 8 FCPATH\index.php(67): CodeIgniter\CodeIgniter->run()
CRITICAL - 2025-07-28 20:05:16 --> Deletes are not allowed unless they contain a "where" or "like" clause.
in SYSTEMPATH\Database\BaseBuilder.php on line 2753.
 1 SYSTEMPATH\Model.php(455): CodeIgniter\Database\BaseBuilder->delete()
 2 SYSTEMPATH\BaseModel.php(1065): CodeIgniter\Model->doDelete([], false)
 3 APPPATH\Controllers\DroitsAgent.php(113): CodeIgniter\BaseModel->delete([])
 4 APPPATH\Controllers\DroitsAgent.php(102): App\Controllers\DroitsAgent->destroy('164')
 5 SYSTEMPATH\CodeIgniter.php(934): App\Controllers\DroitsAgent->delete('164')
 6 SYSTEMPATH\CodeIgniter.php(499): CodeIgniter\CodeIgniter->runController(Object(App\Controllers\DroitsAgent))
 7 SYSTEMPATH\CodeIgniter.php(368): CodeIgniter\CodeIgniter->handleRequest(null, Object(Config\Cache), false)
 8 FCPATH\index.php(67): CodeIgniter\CodeIgniter->run()
CRITICAL - 2025-07-28 20:05:16 --> Deletes are not allowed unless they contain a "where" or "like" clause.
in SYSTEMPATH\Database\BaseBuilder.php on line 2753.
 1 SYSTEMPATH\Model.php(455): CodeIgniter\Database\BaseBuilder->delete()
 2 SYSTEMPATH\BaseModel.php(1065): CodeIgniter\Model->doDelete([], false)
 3 APPPATH\Controllers\DroitsAgent.php(113): CodeIgniter\BaseModel->delete([])
 4 APPPATH\Controllers\DroitsAgent.php(102): App\Controllers\DroitsAgent->destroy('166')
 5 SYSTEMPATH\CodeIgniter.php(934): App\Controllers\DroitsAgent->delete('166')
 6 SYSTEMPATH\CodeIgniter.php(499): CodeIgniter\CodeIgniter->runController(Object(App\Controllers\DroitsAgent))
 7 SYSTEMPATH\CodeIgniter.php(368): CodeIgniter\CodeIgniter->handleRequest(null, Object(Config\Cache), false)
 8 FCPATH\index.php(67): CodeIgniter\CodeIgniter->run()
CRITICAL - 2025-07-28 20:05:16 --> Deletes are not allowed unless they contain a "where" or "like" clause.
in SYSTEMPATH\Database\BaseBuilder.php on line 2753.
 1 SYSTEMPATH\Model.php(455): CodeIgniter\Database\BaseBuilder->delete()
 2 SYSTEMPATH\BaseModel.php(1065): CodeIgniter\Model->doDelete([], false)
 3 APPPATH\Controllers\DroitsAgent.php(113): CodeIgniter\BaseModel->delete([])
 4 APPPATH\Controllers\DroitsAgent.php(102): App\Controllers\DroitsAgent->destroy('142')
 5 SYSTEMPATH\CodeIgniter.php(934): App\Controllers\DroitsAgent->delete('142')
 6 SYSTEMPATH\CodeIgniter.php(499): CodeIgniter\CodeIgniter->runController(Object(App\Controllers\DroitsAgent))
 7 SYSTEMPATH\CodeIgniter.php(368): CodeIgniter\CodeIgniter->handleRequest(null, Object(Config\Cache), false)
 8 FCPATH\index.php(67): CodeIgniter\CodeIgniter->run()
CRITICAL - 2025-07-28 20:05:16 --> Deletes are not allowed unless they contain a "where" or "like" clause.
in SYSTEMPATH\Database\BaseBuilder.php on line 2753.
 1 SYSTEMPATH\Model.php(455): CodeIgniter\Database\BaseBuilder->delete()
 2 SYSTEMPATH\BaseModel.php(1065): CodeIgniter\Model->doDelete([], false)
 3 APPPATH\Controllers\DroitsAgent.php(113): CodeIgniter\BaseModel->delete([])
 4 APPPATH\Controllers\DroitsAgent.php(102): App\Controllers\DroitsAgent->destroy('167')
 5 SYSTEMPATH\CodeIgniter.php(934): App\Controllers\DroitsAgent->delete('167')
 6 SYSTEMPATH\CodeIgniter.php(499): CodeIgniter\CodeIgniter->runController(Object(App\Controllers\DroitsAgent))
 7 SYSTEMPATH\CodeIgniter.php(368): CodeIgniter\CodeIgniter->handleRequest(null, Object(Config\Cache), false)
 8 FCPATH\index.php(67): CodeIgniter\CodeIgniter->run()
CRITICAL - 2025-07-28 20:05:16 --> Deletes are not allowed unless they contain a "where" or "like" clause.
in SYSTEMPATH\Database\BaseBuilder.php on line 2753.
 1 SYSTEMPATH\Model.php(455): CodeIgniter\Database\BaseBuilder->delete()
 2 SYSTEMPATH\BaseModel.php(1065): CodeIgniter\Model->doDelete([], false)
 3 APPPATH\Controllers\DroitsAgent.php(113): CodeIgniter\BaseModel->delete([])
 4 APPPATH\Controllers\DroitsAgent.php(102): App\Controllers\DroitsAgent->destroy('143')
 5 SYSTEMPATH\CodeIgniter.php(934): App\Controllers\DroitsAgent->delete('143')
 6 SYSTEMPATH\CodeIgniter.php(499): CodeIgniter\CodeIgniter->runController(Object(App\Controllers\DroitsAgent))
 7 SYSTEMPATH\CodeIgniter.php(368): CodeIgniter\CodeIgniter->handleRequest(null, Object(Config\Cache), false)
 8 FCPATH\index.php(67): CodeIgniter\CodeIgniter->run()
CRITICAL - 2025-07-28 20:05:16 --> Deletes are not allowed unless they contain a "where" or "like" clause.
in SYSTEMPATH\Database\BaseBuilder.php on line 2753.
 1 SYSTEMPATH\Model.php(455): CodeIgniter\Database\BaseBuilder->delete()
 2 SYSTEMPATH\BaseModel.php(1065): CodeIgniter\Model->doDelete([], false)
 3 APPPATH\Controllers\DroitsAgent.php(113): CodeIgniter\BaseModel->delete([])
 4 APPPATH\Controllers\DroitsAgent.php(102): App\Controllers\DroitsAgent->destroy('144')
 5 SYSTEMPATH\CodeIgniter.php(934): App\Controllers\DroitsAgent->delete('144')
 6 SYSTEMPATH\CodeIgniter.php(499): CodeIgniter\CodeIgniter->runController(Object(App\Controllers\DroitsAgent))
 7 SYSTEMPATH\CodeIgniter.php(368): CodeIgniter\CodeIgniter->handleRequest(null, Object(Config\Cache), false)
 8 FCPATH\index.php(67): CodeIgniter\CodeIgniter->run()
CRITICAL - 2025-07-28 20:05:17 --> Deletes are not allowed unless they contain a "where" or "like" clause.
in SYSTEMPATH\Database\BaseBuilder.php on line 2753.
 1 SYSTEMPATH\Model.php(455): CodeIgniter\Database\BaseBuilder->delete()
 2 SYSTEMPATH\BaseModel.php(1065): CodeIgniter\Model->doDelete([], false)
 3 APPPATH\Controllers\DroitsAgent.php(113): CodeIgniter\BaseModel->delete([])
 4 APPPATH\Controllers\DroitsAgent.php(102): App\Controllers\DroitsAgent->destroy('168')
 5 SYSTEMPATH\CodeIgniter.php(934): App\Controllers\DroitsAgent->delete('168')
 6 SYSTEMPATH\CodeIgniter.php(499): CodeIgniter\CodeIgniter->runController(Object(App\Controllers\DroitsAgent))
 7 SYSTEMPATH\CodeIgniter.php(368): CodeIgniter\CodeIgniter->handleRequest(null, Object(Config\Cache), false)
 8 FCPATH\index.php(67): CodeIgniter\CodeIgniter->run()
CRITICAL - 2025-07-28 20:05:17 --> Deletes are not allowed unless they contain a "where" or "like" clause.
in SYSTEMPATH\Database\BaseBuilder.php on line 2753.
 1 SYSTEMPATH\Model.php(455): CodeIgniter\Database\BaseBuilder->delete()
 2 SYSTEMPATH\BaseModel.php(1065): CodeIgniter\Model->doDelete([], false)
 3 APPPATH\Controllers\DroitsAgent.php(113): CodeIgniter\BaseModel->delete([])
 4 APPPATH\Controllers\DroitsAgent.php(102): App\Controllers\DroitsAgent->destroy('145')
 5 SYSTEMPATH\CodeIgniter.php(934): App\Controllers\DroitsAgent->delete('145')
 6 SYSTEMPATH\CodeIgniter.php(499): CodeIgniter\CodeIgniter->runController(Object(App\Controllers\DroitsAgent))
 7 SYSTEMPATH\CodeIgniter.php(368): CodeIgniter\CodeIgniter->handleRequest(null, Object(Config\Cache), false)
 8 FCPATH\index.php(67): CodeIgniter\CodeIgniter->run()
CRITICAL - 2025-07-28 20:05:17 --> Deletes are not allowed unless they contain a "where" or "like" clause.
in SYSTEMPATH\Database\BaseBuilder.php on line 2753.
 1 SYSTEMPATH\Model.php(455): CodeIgniter\Database\BaseBuilder->delete()
 2 SYSTEMPATH\BaseModel.php(1065): CodeIgniter\Model->doDelete([], false)
 3 APPPATH\Controllers\DroitsAgent.php(113): CodeIgniter\BaseModel->delete([])
 4 APPPATH\Controllers\DroitsAgent.php(102): App\Controllers\DroitsAgent->destroy('169')
 5 SYSTEMPATH\CodeIgniter.php(934): App\Controllers\DroitsAgent->delete('169')
 6 SYSTEMPATH\CodeIgniter.php(499): CodeIgniter\CodeIgniter->runController(Object(App\Controllers\DroitsAgent))
 7 SYSTEMPATH\CodeIgniter.php(368): CodeIgniter\CodeIgniter->handleRequest(null, Object(Config\Cache), false)
 8 FCPATH\index.php(67): CodeIgniter\CodeIgniter->run()
CRITICAL - 2025-07-28 20:05:17 --> Deletes are not allowed unless they contain a "where" or "like" clause.
in SYSTEMPATH\Database\BaseBuilder.php on line 2753.
 1 SYSTEMPATH\Model.php(455): CodeIgniter\Database\BaseBuilder->delete()
 2 SYSTEMPATH\BaseModel.php(1065): CodeIgniter\Model->doDelete([], false)
 3 APPPATH\Controllers\DroitsAgent.php(113): CodeIgniter\BaseModel->delete([])
 4 APPPATH\Controllers\DroitsAgent.php(102): App\Controllers\DroitsAgent->destroy('170')
 5 SYSTEMPATH\CodeIgniter.php(934): App\Controllers\DroitsAgent->delete('170')
 6 SYSTEMPATH\CodeIgniter.php(499): CodeIgniter\CodeIgniter->runController(Object(App\Controllers\DroitsAgent))
 7 SYSTEMPATH\CodeIgniter.php(368): CodeIgniter\CodeIgniter->handleRequest(null, Object(Config\Cache), false)
 8 FCPATH\index.php(67): CodeIgniter\CodeIgniter->run()
CRITICAL - 2025-07-28 20:05:17 --> Deletes are not allowed unless they contain a "where" or "like" clause.
in SYSTEMPATH\Database\BaseBuilder.php on line 2753.
 1 SYSTEMPATH\Model.php(455): CodeIgniter\Database\BaseBuilder->delete()
 2 SYSTEMPATH\BaseModel.php(1065): CodeIgniter\Model->doDelete([], false)
 3 APPPATH\Controllers\DroitsAgent.php(113): CodeIgniter\BaseModel->delete([])
 4 APPPATH\Controllers\DroitsAgent.php(102): App\Controllers\DroitsAgent->destroy('146')
 5 SYSTEMPATH\CodeIgniter.php(934): App\Controllers\DroitsAgent->delete('146')
 6 SYSTEMPATH\CodeIgniter.php(499): CodeIgniter\CodeIgniter->runController(Object(App\Controllers\DroitsAgent))
 7 SYSTEMPATH\CodeIgniter.php(368): CodeIgniter\CodeIgniter->handleRequest(null, Object(Config\Cache), false)
 8 FCPATH\index.php(67): CodeIgniter\CodeIgniter->run()
CRITICAL - 2025-07-28 20:05:17 --> Deletes are not allowed unless they contain a "where" or "like" clause.
in SYSTEMPATH\Database\BaseBuilder.php on line 2753.
 1 SYSTEMPATH\Model.php(455): CodeIgniter\Database\BaseBuilder->delete()
 2 SYSTEMPATH\BaseModel.php(1065): CodeIgniter\Model->doDelete([], false)
 3 APPPATH\Controllers\DroitsAgent.php(113): CodeIgniter\BaseModel->delete([])
 4 APPPATH\Controllers\DroitsAgent.php(102): App\Controllers\DroitsAgent->destroy('171')
 5 SYSTEMPATH\CodeIgniter.php(934): App\Controllers\DroitsAgent->delete('171')
 6 SYSTEMPATH\CodeIgniter.php(499): CodeIgniter\CodeIgniter->runController(Object(App\Controllers\DroitsAgent))
 7 SYSTEMPATH\CodeIgniter.php(368): CodeIgniter\CodeIgniter->handleRequest(null, Object(Config\Cache), false)
 8 FCPATH\index.php(67): CodeIgniter\CodeIgniter->run()
CRITICAL - 2025-07-28 20:05:17 --> Deletes are not allowed unless they contain a "where" or "like" clause.
in SYSTEMPATH\Database\BaseBuilder.php on line 2753.
 1 SYSTEMPATH\Model.php(455): CodeIgniter\Database\BaseBuilder->delete()
 2 SYSTEMPATH\BaseModel.php(1065): CodeIgniter\Model->doDelete([], false)
 3 APPPATH\Controllers\DroitsAgent.php(113): CodeIgniter\BaseModel->delete([])
 4 APPPATH\Controllers\DroitsAgent.php(102): App\Controllers\DroitsAgent->destroy('147')
 5 SYSTEMPATH\CodeIgniter.php(934): App\Controllers\DroitsAgent->delete('147')
 6 SYSTEMPATH\CodeIgniter.php(499): CodeIgniter\CodeIgniter->runController(Object(App\Controllers\DroitsAgent))
 7 SYSTEMPATH\CodeIgniter.php(368): CodeIgniter\CodeIgniter->handleRequest(null, Object(Config\Cache), false)
 8 FCPATH\index.php(67): CodeIgniter\CodeIgniter->run()
CRITICAL - 2025-07-28 20:05:17 --> Deletes are not allowed unless they contain a "where" or "like" clause.
in SYSTEMPATH\Database\BaseBuilder.php on line 2753.
 1 SYSTEMPATH\Model.php(455): CodeIgniter\Database\BaseBuilder->delete()
 2 SYSTEMPATH\BaseModel.php(1065): CodeIgniter\Model->doDelete([], false)
 3 APPPATH\Controllers\DroitsAgent.php(113): CodeIgniter\BaseModel->delete([])
 4 APPPATH\Controllers\DroitsAgent.php(102): App\Controllers\DroitsAgent->destroy('148')
 5 SYSTEMPATH\CodeIgniter.php(934): App\Controllers\DroitsAgent->delete('148')
 6 SYSTEMPATH\CodeIgniter.php(499): CodeIgniter\CodeIgniter->runController(Object(App\Controllers\DroitsAgent))
 7 SYSTEMPATH\CodeIgniter.php(368): CodeIgniter\CodeIgniter->handleRequest(null, Object(Config\Cache), false)
 8 FCPATH\index.php(67): CodeIgniter\CodeIgniter->run()
CRITICAL - 2025-07-28 20:05:17 --> Deletes are not allowed unless they contain a "where" or "like" clause.
in SYSTEMPATH\Database\BaseBuilder.php on line 2753.
 1 SYSTEMPATH\Model.php(455): CodeIgniter\Database\BaseBuilder->delete()
 2 SYSTEMPATH\BaseModel.php(1065): CodeIgniter\Model->doDelete([], false)
 3 APPPATH\Controllers\DroitsAgent.php(113): CodeIgniter\BaseModel->delete([])
 4 APPPATH\Controllers\DroitsAgent.php(102): App\Controllers\DroitsAgent->destroy('172')
 5 SYSTEMPATH\CodeIgniter.php(934): App\Controllers\DroitsAgent->delete('172')
 6 SYSTEMPATH\CodeIgniter.php(499): CodeIgniter\CodeIgniter->runController(Object(App\Controllers\DroitsAgent))
 7 SYSTEMPATH\CodeIgniter.php(368): CodeIgniter\CodeIgniter->handleRequest(null, Object(Config\Cache), false)
 8 FCPATH\index.php(67): CodeIgniter\CodeIgniter->run()
CRITICAL - 2025-07-28 20:05:17 --> Deletes are not allowed unless they contain a "where" or "like" clause.
in SYSTEMPATH\Database\BaseBuilder.php on line 2753.
 1 SYSTEMPATH\Model.php(455): CodeIgniter\Database\BaseBuilder->delete()
 2 SYSTEMPATH\BaseModel.php(1065): CodeIgniter\Model->doDelete([], false)
 3 APPPATH\Controllers\DroitsAgent.php(113): CodeIgniter\BaseModel->delete([])
 4 APPPATH\Controllers\DroitsAgent.php(102): App\Controllers\DroitsAgent->destroy('149')
 5 SYSTEMPATH\CodeIgniter.php(934): App\Controllers\DroitsAgent->delete('149')
 6 SYSTEMPATH\CodeIgniter.php(499): CodeIgniter\CodeIgniter->runController(Object(App\Controllers\DroitsAgent))
 7 SYSTEMPATH\CodeIgniter.php(368): CodeIgniter\CodeIgniter->handleRequest(null, Object(Config\Cache), false)
 8 FCPATH\index.php(67): CodeIgniter\CodeIgniter->run()
CRITICAL - 2025-07-28 20:05:17 --> Deletes are not allowed unless they contain a "where" or "like" clause.
in SYSTEMPATH\Database\BaseBuilder.php on line 2753.
 1 SYSTEMPATH\Model.php(455): CodeIgniter\Database\BaseBuilder->delete()
 2 SYSTEMPATH\BaseModel.php(1065): CodeIgniter\Model->doDelete([], false)
 3 APPPATH\Controllers\DroitsAgent.php(113): CodeIgniter\BaseModel->delete([])
 4 APPPATH\Controllers\DroitsAgent.php(102): App\Controllers\DroitsAgent->destroy('150')
 5 SYSTEMPATH\CodeIgniter.php(934): App\Controllers\DroitsAgent->delete('150')
 6 SYSTEMPATH\CodeIgniter.php(499): CodeIgniter\CodeIgniter->runController(Object(App\Controllers\DroitsAgent))
 7 SYSTEMPATH\CodeIgniter.php(368): CodeIgniter\CodeIgniter->handleRequest(null, Object(Config\Cache), false)
 8 FCPATH\index.php(67): CodeIgniter\CodeIgniter->run()
CRITICAL - 2025-07-28 20:05:17 --> Deletes are not allowed unless they contain a "where" or "like" clause.
in SYSTEMPATH\Database\BaseBuilder.php on line 2753.
 1 SYSTEMPATH\Model.php(455): CodeIgniter\Database\BaseBuilder->delete()
 2 SYSTEMPATH\BaseModel.php(1065): CodeIgniter\Model->doDelete([], false)
 3 APPPATH\Controllers\DroitsAgent.php(113): CodeIgniter\BaseModel->delete([])
 4 APPPATH\Controllers\DroitsAgent.php(102): App\Controllers\DroitsAgent->destroy('151')
 5 SYSTEMPATH\CodeIgniter.php(934): App\Controllers\DroitsAgent->delete('151')
 6 SYSTEMPATH\CodeIgniter.php(499): CodeIgniter\CodeIgniter->runController(Object(App\Controllers\DroitsAgent))
 7 SYSTEMPATH\CodeIgniter.php(368): CodeIgniter\CodeIgniter->handleRequest(null, Object(Config\Cache), false)
 8 FCPATH\index.php(67): CodeIgniter\CodeIgniter->run()
CRITICAL - 2025-07-28 20:05:17 --> Deletes are not allowed unless they contain a "where" or "like" clause.
in SYSTEMPATH\Database\BaseBuilder.php on line 2753.
 1 SYSTEMPATH\Model.php(455): CodeIgniter\Database\BaseBuilder->delete()
 2 SYSTEMPATH\BaseModel.php(1065): CodeIgniter\Model->doDelete([], false)
 3 APPPATH\Controllers\DroitsAgent.php(113): CodeIgniter\BaseModel->delete([])
 4 APPPATH\Controllers\DroitsAgent.php(102): App\Controllers\DroitsAgent->destroy('152')
 5 SYSTEMPATH\CodeIgniter.php(934): App\Controllers\DroitsAgent->delete('152')
 6 SYSTEMPATH\CodeIgniter.php(499): CodeIgniter\CodeIgniter->runController(Object(App\Controllers\DroitsAgent))
 7 SYSTEMPATH\CodeIgniter.php(368): CodeIgniter\CodeIgniter->handleRequest(null, Object(Config\Cache), false)
 8 FCPATH\index.php(67): CodeIgniter\CodeIgniter->run()
CRITICAL - 2025-07-28 20:05:17 --> Deletes are not allowed unless they contain a "where" or "like" clause.
in SYSTEMPATH\Database\BaseBuilder.php on line 2753.
 1 SYSTEMPATH\Model.php(455): CodeIgniter\Database\BaseBuilder->delete()
 2 SYSTEMPATH\BaseModel.php(1065): CodeIgniter\Model->doDelete([], false)
 3 APPPATH\Controllers\DroitsAgent.php(113): CodeIgniter\BaseModel->delete([])
 4 APPPATH\Controllers\DroitsAgent.php(102): App\Controllers\DroitsAgent->destroy('153')
 5 SYSTEMPATH\CodeIgniter.php(934): App\Controllers\DroitsAgent->delete('153')
 6 SYSTEMPATH\CodeIgniter.php(499): CodeIgniter\CodeIgniter->runController(Object(App\Controllers\DroitsAgent))
 7 SYSTEMPATH\CodeIgniter.php(368): CodeIgniter\CodeIgniter->handleRequest(null, Object(Config\Cache), false)
 8 FCPATH\index.php(67): CodeIgniter\CodeIgniter->run()
CRITICAL - 2025-07-28 20:05:17 --> Deletes are not allowed unless they contain a "where" or "like" clause.
in SYSTEMPATH\Database\BaseBuilder.php on line 2753.
 1 SYSTEMPATH\Model.php(455): CodeIgniter\Database\BaseBuilder->delete()
 2 SYSTEMPATH\BaseModel.php(1065): CodeIgniter\Model->doDelete([], false)
 3 APPPATH\Controllers\DroitsAgent.php(113): CodeIgniter\BaseModel->delete([])
 4 APPPATH\Controllers\DroitsAgent.php(102): App\Controllers\DroitsAgent->destroy('154')
 5 SYSTEMPATH\CodeIgniter.php(934): App\Controllers\DroitsAgent->delete('154')
 6 SYSTEMPATH\CodeIgniter.php(499): CodeIgniter\CodeIgniter->runController(Object(App\Controllers\DroitsAgent))
 7 SYSTEMPATH\CodeIgniter.php(368): CodeIgniter\CodeIgniter->handleRequest(null, Object(Config\Cache), false)
 8 FCPATH\index.php(67): CodeIgniter\CodeIgniter->run()
CRITICAL - 2025-07-28 20:05:17 --> Deletes are not allowed unless they contain a "where" or "like" clause.
in SYSTEMPATH\Database\BaseBuilder.php on line 2753.
 1 SYSTEMPATH\Model.php(455): CodeIgniter\Database\BaseBuilder->delete()
 2 SYSTEMPATH\BaseModel.php(1065): CodeIgniter\Model->doDelete([], false)
 3 APPPATH\Controllers\DroitsAgent.php(113): CodeIgniter\BaseModel->delete([])
 4 APPPATH\Controllers\DroitsAgent.php(102): App\Controllers\DroitsAgent->destroy('155')
 5 SYSTEMPATH\CodeIgniter.php(934): App\Controllers\DroitsAgent->delete('155')
 6 SYSTEMPATH\CodeIgniter.php(499): CodeIgniter\CodeIgniter->runController(Object(App\Controllers\DroitsAgent))
 7 SYSTEMPATH\CodeIgniter.php(368): CodeIgniter\CodeIgniter->handleRequest(null, Object(Config\Cache), false)
 8 FCPATH\index.php(67): CodeIgniter\CodeIgniter->run()
CRITICAL - 2025-07-28 20:05:18 --> Deletes are not allowed unless they contain a "where" or "like" clause.
in SYSTEMPATH\Database\BaseBuilder.php on line 2753.
 1 SYSTEMPATH\Model.php(455): CodeIgniter\Database\BaseBuilder->delete()
 2 SYSTEMPATH\BaseModel.php(1065): CodeIgniter\Model->doDelete([], false)
 3 APPPATH\Controllers\DroitsAgent.php(113): CodeIgniter\BaseModel->delete([])
 4 APPPATH\Controllers\DroitsAgent.php(102): App\Controllers\DroitsAgent->destroy('156')
 5 SYSTEMPATH\CodeIgniter.php(934): App\Controllers\DroitsAgent->delete('156')
 6 SYSTEMPATH\CodeIgniter.php(499): CodeIgniter\CodeIgniter->runController(Object(App\Controllers\DroitsAgent))
 7 SYSTEMPATH\CodeIgniter.php(368): CodeIgniter\CodeIgniter->handleRequest(null, Object(Config\Cache), false)
 8 FCPATH\index.php(67): CodeIgniter\CodeIgniter->run()
CRITICAL - 2025-07-28 20:05:18 --> Deletes are not allowed unless they contain a "where" or "like" clause.
in SYSTEMPATH\Database\BaseBuilder.php on line 2753.
 1 SYSTEMPATH\Model.php(455): CodeIgniter\Database\BaseBuilder->delete()
 2 SYSTEMPATH\BaseModel.php(1065): CodeIgniter\Model->doDelete([], false)
 3 APPPATH\Controllers\DroitsAgent.php(113): CodeIgniter\BaseModel->delete([])
 4 APPPATH\Controllers\DroitsAgent.php(102): App\Controllers\DroitsAgent->destroy('166')
 5 SYSTEMPATH\CodeIgniter.php(934): App\Controllers\DroitsAgent->delete('166')
 6 SYSTEMPATH\CodeIgniter.php(499): CodeIgniter\CodeIgniter->runController(Object(App\Controllers\DroitsAgent))
 7 SYSTEMPATH\CodeIgniter.php(368): CodeIgniter\CodeIgniter->handleRequest(null, Object(Config\Cache), false)
 8 FCPATH\index.php(67): CodeIgniter\CodeIgniter->run()
CRITICAL - 2025-07-28 20:05:18 --> Deletes are not allowed unless they contain a "where" or "like" clause.
in SYSTEMPATH\Database\BaseBuilder.php on line 2753.
 1 SYSTEMPATH\Model.php(455): CodeIgniter\Database\BaseBuilder->delete()
 2 SYSTEMPATH\BaseModel.php(1065): CodeIgniter\Model->doDelete([], false)
 3 APPPATH\Controllers\DroitsAgent.php(113): CodeIgniter\BaseModel->delete([])
 4 APPPATH\Controllers\DroitsAgent.php(102): App\Controllers\DroitsAgent->destroy('167')
 5 SYSTEMPATH\CodeIgniter.php(934): App\Controllers\DroitsAgent->delete('167')
 6 SYSTEMPATH\CodeIgniter.php(499): CodeIgniter\CodeIgniter->runController(Object(App\Controllers\DroitsAgent))
 7 SYSTEMPATH\CodeIgniter.php(368): CodeIgniter\CodeIgniter->handleRequest(null, Object(Config\Cache), false)
 8 FCPATH\index.php(67): CodeIgniter\CodeIgniter->run()
CRITICAL - 2025-07-28 20:05:18 --> Deletes are not allowed unless they contain a "where" or "like" clause.
in SYSTEMPATH\Database\BaseBuilder.php on line 2753.
 1 SYSTEMPATH\Model.php(455): CodeIgniter\Database\BaseBuilder->delete()
 2 SYSTEMPATH\BaseModel.php(1065): CodeIgniter\Model->doDelete([], false)
 3 APPPATH\Controllers\DroitsAgent.php(113): CodeIgniter\BaseModel->delete([])
 4 APPPATH\Controllers\DroitsAgent.php(102): App\Controllers\DroitsAgent->destroy('168')
 5 SYSTEMPATH\CodeIgniter.php(934): App\Controllers\DroitsAgent->delete('168')
 6 SYSTEMPATH\CodeIgniter.php(499): CodeIgniter\CodeIgniter->runController(Object(App\Controllers\DroitsAgent))
 7 SYSTEMPATH\CodeIgniter.php(368): CodeIgniter\CodeIgniter->handleRequest(null, Object(Config\Cache), false)
 8 FCPATH\index.php(67): CodeIgniter\CodeIgniter->run()
CRITICAL - 2025-07-28 20:05:18 --> Deletes are not allowed unless they contain a "where" or "like" clause.
in SYSTEMPATH\Database\BaseBuilder.php on line 2753.
 1 SYSTEMPATH\Model.php(455): CodeIgniter\Database\BaseBuilder->delete()
 2 SYSTEMPATH\BaseModel.php(1065): CodeIgniter\Model->doDelete([], false)
 3 APPPATH\Controllers\DroitsAgent.php(113): CodeIgniter\BaseModel->delete([])
 4 APPPATH\Controllers\DroitsAgent.php(102): App\Controllers\DroitsAgent->destroy('169')
 5 SYSTEMPATH\CodeIgniter.php(934): App\Controllers\DroitsAgent->delete('169')
 6 SYSTEMPATH\CodeIgniter.php(499): CodeIgniter\CodeIgniter->runController(Object(App\Controllers\DroitsAgent))
 7 SYSTEMPATH\CodeIgniter.php(368): CodeIgniter\CodeIgniter->handleRequest(null, Object(Config\Cache), false)
 8 FCPATH\index.php(67): CodeIgniter\CodeIgniter->run()
CRITICAL - 2025-07-28 20:05:18 --> Deletes are not allowed unless they contain a "where" or "like" clause.
in SYSTEMPATH\Database\BaseBuilder.php on line 2753.
 1 SYSTEMPATH\Model.php(455): CodeIgniter\Database\BaseBuilder->delete()
 2 SYSTEMPATH\BaseModel.php(1065): CodeIgniter\Model->doDelete([], false)
 3 APPPATH\Controllers\DroitsAgent.php(113): CodeIgniter\BaseModel->delete([])
 4 APPPATH\Controllers\DroitsAgent.php(102): App\Controllers\DroitsAgent->destroy('170')
 5 SYSTEMPATH\CodeIgniter.php(934): App\Controllers\DroitsAgent->delete('170')
 6 SYSTEMPATH\CodeIgniter.php(499): CodeIgniter\CodeIgniter->runController(Object(App\Controllers\DroitsAgent))
 7 SYSTEMPATH\CodeIgniter.php(368): CodeIgniter\CodeIgniter->handleRequest(null, Object(Config\Cache), false)
 8 FCPATH\index.php(67): CodeIgniter\CodeIgniter->run()
CRITICAL - 2025-07-28 20:05:18 --> Deletes are not allowed unless they contain a "where" or "like" clause.
in SYSTEMPATH\Database\BaseBuilder.php on line 2753.
 1 SYSTEMPATH\Model.php(455): CodeIgniter\Database\BaseBuilder->delete()
 2 SYSTEMPATH\BaseModel.php(1065): CodeIgniter\Model->doDelete([], false)
 3 APPPATH\Controllers\DroitsAgent.php(113): CodeIgniter\BaseModel->delete([])
 4 APPPATH\Controllers\DroitsAgent.php(102): App\Controllers\DroitsAgent->destroy('171')
 5 SYSTEMPATH\CodeIgniter.php(934): App\Controllers\DroitsAgent->delete('171')
 6 SYSTEMPATH\CodeIgniter.php(499): CodeIgniter\CodeIgniter->runController(Object(App\Controllers\DroitsAgent))
 7 SYSTEMPATH\CodeIgniter.php(368): CodeIgniter\CodeIgniter->handleRequest(null, Object(Config\Cache), false)
 8 FCPATH\index.php(67): CodeIgniter\CodeIgniter->run()
CRITICAL - 2025-07-28 20:05:18 --> Deletes are not allowed unless they contain a "where" or "like" clause.
in SYSTEMPATH\Database\BaseBuilder.php on line 2753.
 1 SYSTEMPATH\Model.php(455): CodeIgniter\Database\BaseBuilder->delete()
 2 SYSTEMPATH\BaseModel.php(1065): CodeIgniter\Model->doDelete([], false)
 3 APPPATH\Controllers\DroitsAgent.php(113): CodeIgniter\BaseModel->delete([])
 4 APPPATH\Controllers\DroitsAgent.php(102): App\Controllers\DroitsAgent->destroy('172')
 5 SYSTEMPATH\CodeIgniter.php(934): App\Controllers\DroitsAgent->delete('172')
 6 SYSTEMPATH\CodeIgniter.php(499): CodeIgniter\CodeIgniter->runController(Object(App\Controllers\DroitsAgent))
 7 SYSTEMPATH\CodeIgniter.php(368): CodeIgniter\CodeIgniter->handleRequest(null, Object(Config\Cache), false)
 8 FCPATH\index.php(67): CodeIgniter\CodeIgniter->run()
CRITICAL - 2025-07-28 20:05:18 --> Deletes are not allowed unless they contain a "where" or "like" clause.
in SYSTEMPATH\Database\BaseBuilder.php on line 2753.
 1 SYSTEMPATH\Model.php(455): CodeIgniter\Database\BaseBuilder->delete()
 2 SYSTEMPATH\BaseModel.php(1065): CodeIgniter\Model->doDelete([], false)
 3 APPPATH\Controllers\DroitsAgent.php(113): CodeIgniter\BaseModel->delete([])
 4 APPPATH\Controllers\DroitsAgent.php(102): App\Controllers\DroitsAgent->destroy('173')
 5 SYSTEMPATH\CodeIgniter.php(934): App\Controllers\DroitsAgent->delete('173')
 6 SYSTEMPATH\CodeIgniter.php(499): CodeIgniter\CodeIgniter->runController(Object(App\Controllers\DroitsAgent))
 7 SYSTEMPATH\CodeIgniter.php(368): CodeIgniter\CodeIgniter->handleRequest(null, Object(Config\Cache), false)
 8 FCPATH\index.php(67): CodeIgniter\CodeIgniter->run()
CRITICAL - 2025-07-28 20:05:18 --> Deletes are not allowed unless they contain a "where" or "like" clause.
in SYSTEMPATH\Database\BaseBuilder.php on line 2753.
 1 SYSTEMPATH\Model.php(455): CodeIgniter\Database\BaseBuilder->delete()
 2 SYSTEMPATH\BaseModel.php(1065): CodeIgniter\Model->doDelete([], false)
 3 APPPATH\Controllers\DroitsAgent.php(113): CodeIgniter\BaseModel->delete([])
 4 APPPATH\Controllers\DroitsAgent.php(102): App\Controllers\DroitsAgent->destroy('174')
 5 SYSTEMPATH\CodeIgniter.php(934): App\Controllers\DroitsAgent->delete('174')
 6 SYSTEMPATH\CodeIgniter.php(499): CodeIgniter\CodeIgniter->runController(Object(App\Controllers\DroitsAgent))
 7 SYSTEMPATH\CodeIgniter.php(368): CodeIgniter\CodeIgniter->handleRequest(null, Object(Config\Cache), false)
 8 FCPATH\index.php(67): CodeIgniter\CodeIgniter->run()
CRITICAL - 2025-07-28 20:05:18 --> Deletes are not allowed unless they contain a "where" or "like" clause.
in SYSTEMPATH\Database\BaseBuilder.php on line 2753.
 1 SYSTEMPATH\Model.php(455): CodeIgniter\Database\BaseBuilder->delete()
 2 SYSTEMPATH\BaseModel.php(1065): CodeIgniter\Model->doDelete([], false)
 3 APPPATH\Controllers\DroitsAgent.php(113): CodeIgniter\BaseModel->delete([])
 4 APPPATH\Controllers\DroitsAgent.php(102): App\Controllers\DroitsAgent->destroy('175')
 5 SYSTEMPATH\CodeIgniter.php(934): App\Controllers\DroitsAgent->delete('175')
 6 SYSTEMPATH\CodeIgniter.php(499): CodeIgniter\CodeIgniter->runController(Object(App\Controllers\DroitsAgent))
 7 SYSTEMPATH\CodeIgniter.php(368): CodeIgniter\CodeIgniter->handleRequest(null, Object(Config\Cache), false)
 8 FCPATH\index.php(67): CodeIgniter\CodeIgniter->run()
CRITICAL - 2025-07-28 20:05:19 --> Deletes are not allowed unless they contain a "where" or "like" clause.
in SYSTEMPATH\Database\BaseBuilder.php on line 2753.
 1 SYSTEMPATH\Model.php(455): CodeIgniter\Database\BaseBuilder->delete()
 2 SYSTEMPATH\BaseModel.php(1065): CodeIgniter\Model->doDelete([], false)
 3 APPPATH\Controllers\DroitsAgent.php(113): CodeIgniter\BaseModel->delete([])
 4 APPPATH\Controllers\DroitsAgent.php(102): App\Controllers\DroitsAgent->destroy('176')
 5 SYSTEMPATH\CodeIgniter.php(934): App\Controllers\DroitsAgent->delete('176')
 6 SYSTEMPATH\CodeIgniter.php(499): CodeIgniter\CodeIgniter->runController(Object(App\Controllers\DroitsAgent))
 7 SYSTEMPATH\CodeIgniter.php(368): CodeIgniter\CodeIgniter->handleRequest(null, Object(Config\Cache), false)
 8 FCPATH\index.php(67): CodeIgniter\CodeIgniter->run()
CRITICAL - 2025-07-28 20:05:19 --> Deletes are not allowed unless they contain a "where" or "like" clause.
in SYSTEMPATH\Database\BaseBuilder.php on line 2753.
 1 SYSTEMPATH\Model.php(455): CodeIgniter\Database\BaseBuilder->delete()
 2 SYSTEMPATH\BaseModel.php(1065): CodeIgniter\Model->doDelete([], false)
 3 APPPATH\Controllers\DroitsAgent.php(113): CodeIgniter\BaseModel->delete([])
 4 APPPATH\Controllers\DroitsAgent.php(102): App\Controllers\DroitsAgent->destroy('177')
 5 SYSTEMPATH\CodeIgniter.php(934): App\Controllers\DroitsAgent->delete('177')
 6 SYSTEMPATH\CodeIgniter.php(499): CodeIgniter\CodeIgniter->runController(Object(App\Controllers\DroitsAgent))
 7 SYSTEMPATH\CodeIgniter.php(368): CodeIgniter\CodeIgniter->handleRequest(null, Object(Config\Cache), false)
 8 FCPATH\index.php(67): CodeIgniter\CodeIgniter->run()
CRITICAL - 2025-07-28 20:05:20 --> Deletes are not allowed unless they contain a "where" or "like" clause.
in SYSTEMPATH\Database\BaseBuilder.php on line 2753.
 1 SYSTEMPATH\Model.php(455): CodeIgniter\Database\BaseBuilder->delete()
 2 SYSTEMPATH\BaseModel.php(1065): CodeIgniter\Model->doDelete([], false)
 3 APPPATH\Controllers\DroitsAgent.php(113): CodeIgniter\BaseModel->delete([])
 4 APPPATH\Controllers\DroitsAgent.php(102): App\Controllers\DroitsAgent->destroy('178')
 5 SYSTEMPATH\CodeIgniter.php(934): App\Controllers\DroitsAgent->delete('178')
 6 SYSTEMPATH\CodeIgniter.php(499): CodeIgniter\CodeIgniter->runController(Object(App\Controllers\DroitsAgent))
 7 SYSTEMPATH\CodeIgniter.php(368): CodeIgniter\CodeIgniter->handleRequest(null, Object(Config\Cache), false)
 8 FCPATH\index.php(67): CodeIgniter\CodeIgniter->run()
CRITICAL - 2025-07-28 20:05:21 --> Deletes are not allowed unless they contain a "where" or "like" clause.
in SYSTEMPATH\Database\BaseBuilder.php on line 2753.
 1 SYSTEMPATH\Model.php(455): CodeIgniter\Database\BaseBuilder->delete()
 2 SYSTEMPATH\BaseModel.php(1065): CodeIgniter\Model->doDelete([], false)
 3 APPPATH\Controllers\DroitsAgent.php(113): CodeIgniter\BaseModel->delete([])
 4 APPPATH\Controllers\DroitsAgent.php(102): App\Controllers\DroitsAgent->destroy('179')
 5 SYSTEMPATH\CodeIgniter.php(934): App\Controllers\DroitsAgent->delete('179')
 6 SYSTEMPATH\CodeIgniter.php(499): CodeIgniter\CodeIgniter->runController(Object(App\Controllers\DroitsAgent))
 7 SYSTEMPATH\CodeIgniter.php(368): CodeIgniter\CodeIgniter->handleRequest(null, Object(Config\Cache), false)
 8 FCPATH\index.php(67): CodeIgniter\CodeIgniter->run()
CRITICAL - 2025-07-28 20:05:21 --> Deletes are not allowed unless they contain a "where" or "like" clause.
in SYSTEMPATH\Database\BaseBuilder.php on line 2753.
 1 SYSTEMPATH\Model.php(455): CodeIgniter\Database\BaseBuilder->delete()
 2 SYSTEMPATH\BaseModel.php(1065): CodeIgniter\Model->doDelete([], false)
 3 APPPATH\Controllers\DroitsAgent.php(113): CodeIgniter\BaseModel->delete([])
 4 APPPATH\Controllers\DroitsAgent.php(102): App\Controllers\DroitsAgent->destroy('180')
 5 SYSTEMPATH\CodeIgniter.php(934): App\Controllers\DroitsAgent->delete('180')
 6 SYSTEMPATH\CodeIgniter.php(499): CodeIgniter\CodeIgniter->runController(Object(App\Controllers\DroitsAgent))
 7 SYSTEMPATH\CodeIgniter.php(368): CodeIgniter\CodeIgniter->handleRequest(null, Object(Config\Cache), false)
 8 FCPATH\index.php(67): CodeIgniter\CodeIgniter->run()
CRITICAL - 2025-07-28 20:05:22 --> Deletes are not allowed unless they contain a "where" or "like" clause.
in SYSTEMPATH\Database\BaseBuilder.php on line 2753.
 1 SYSTEMPATH\Model.php(455): CodeIgniter\Database\BaseBuilder->delete()
 2 SYSTEMPATH\BaseModel.php(1065): CodeIgniter\Model->doDelete([], false)
 3 APPPATH\Controllers\DroitsAgent.php(113): CodeIgniter\BaseModel->delete([])
 4 APPPATH\Controllers\DroitsAgent.php(102): App\Controllers\DroitsAgent->destroy('181')
 5 SYSTEMPATH\CodeIgniter.php(934): App\Controllers\DroitsAgent->delete('181')
 6 SYSTEMPATH\CodeIgniter.php(499): CodeIgniter\CodeIgniter->runController(Object(App\Controllers\DroitsAgent))
 7 SYSTEMPATH\CodeIgniter.php(368): CodeIgniter\CodeIgniter->handleRequest(null, Object(Config\Cache), false)
 8 FCPATH\index.php(67): CodeIgniter\CodeIgniter->run()
CRITICAL - 2025-07-28 20:05:22 --> Deletes are not allowed unless they contain a "where" or "like" clause.
in SYSTEMPATH\Database\BaseBuilder.php on line 2753.
 1 SYSTEMPATH\Model.php(455): CodeIgniter\Database\BaseBuilder->delete()
 2 SYSTEMPATH\BaseModel.php(1065): CodeIgniter\Model->doDelete([], false)
 3 APPPATH\Controllers\DroitsAgent.php(113): CodeIgniter\BaseModel->delete([])
 4 APPPATH\Controllers\DroitsAgent.php(102): App\Controllers\DroitsAgent->destroy('182')
 5 SYSTEMPATH\CodeIgniter.php(934): App\Controllers\DroitsAgent->delete('182')
 6 SYSTEMPATH\CodeIgniter.php(499): CodeIgniter\CodeIgniter->runController(Object(App\Controllers\DroitsAgent))
 7 SYSTEMPATH\CodeIgniter.php(368): CodeIgniter\CodeIgniter->handleRequest(null, Object(Config\Cache), false)
 8 FCPATH\index.php(67): CodeIgniter\CodeIgniter->run()
CRITICAL - 2025-07-28 20:05:22 --> Deletes are not allowed unless they contain a "where" or "like" clause.
in SYSTEMPATH\Database\BaseBuilder.php on line 2753.
 1 SYSTEMPATH\Model.php(455): CodeIgniter\Database\BaseBuilder->delete()
 2 SYSTEMPATH\BaseModel.php(1065): CodeIgniter\Model->doDelete([], false)
 3 APPPATH\Controllers\DroitsAgent.php(113): CodeIgniter\BaseModel->delete([])
 4 APPPATH\Controllers\DroitsAgent.php(102): App\Controllers\DroitsAgent->destroy('183')
 5 SYSTEMPATH\CodeIgniter.php(934): App\Controllers\DroitsAgent->delete('183')
 6 SYSTEMPATH\CodeIgniter.php(499): CodeIgniter\CodeIgniter->runController(Object(App\Controllers\DroitsAgent))
 7 SYSTEMPATH\CodeIgniter.php(368): CodeIgniter\CodeIgniter->handleRequest(null, Object(Config\Cache), false)
 8 FCPATH\index.php(67): CodeIgniter\CodeIgniter->run()
CRITICAL - 2025-07-28 20:05:22 --> Deletes are not allowed unless they contain a "where" or "like" clause.
in SYSTEMPATH\Database\BaseBuilder.php on line 2753.
 1 SYSTEMPATH\Model.php(455): CodeIgniter\Database\BaseBuilder->delete()
 2 SYSTEMPATH\BaseModel.php(1065): CodeIgniter\Model->doDelete([], false)
 3 APPPATH\Controllers\DroitsAgent.php(113): CodeIgniter\BaseModel->delete([])
 4 APPPATH\Controllers\DroitsAgent.php(102): App\Controllers\DroitsAgent->destroy('184')
 5 SYSTEMPATH\CodeIgniter.php(934): App\Controllers\DroitsAgent->delete('184')
 6 SYSTEMPATH\CodeIgniter.php(499): CodeIgniter\CodeIgniter->runController(Object(App\Controllers\DroitsAgent))
 7 SYSTEMPATH\CodeIgniter.php(368): CodeIgniter\CodeIgniter->handleRequest(null, Object(Config\Cache), false)
 8 FCPATH\index.php(67): CodeIgniter\CodeIgniter->run()
CRITICAL - 2025-07-28 20:05:22 --> Deletes are not allowed unless they contain a "where" or "like" clause.
in SYSTEMPATH\Database\BaseBuilder.php on line 2753.
 1 SYSTEMPATH\Model.php(455): CodeIgniter\Database\BaseBuilder->delete()
 2 SYSTEMPATH\BaseModel.php(1065): CodeIgniter\Model->doDelete([], false)
 3 APPPATH\Controllers\DroitsAgent.php(113): CodeIgniter\BaseModel->delete([])
 4 APPPATH\Controllers\DroitsAgent.php(102): App\Controllers\DroitsAgent->destroy('185')
 5 SYSTEMPATH\CodeIgniter.php(934): App\Controllers\DroitsAgent->delete('185')
 6 SYSTEMPATH\CodeIgniter.php(499): CodeIgniter\CodeIgniter->runController(Object(App\Controllers\DroitsAgent))
 7 SYSTEMPATH\CodeIgniter.php(368): CodeIgniter\CodeIgniter->handleRequest(null, Object(Config\Cache), false)
 8 FCPATH\index.php(67): CodeIgniter\CodeIgniter->run()
CRITICAL - 2025-07-28 20:05:22 --> Deletes are not allowed unless they contain a "where" or "like" clause.
in SYSTEMPATH\Database\BaseBuilder.php on line 2753.
 1 SYSTEMPATH\Model.php(455): CodeIgniter\Database\BaseBuilder->delete()
 2 SYSTEMPATH\BaseModel.php(1065): CodeIgniter\Model->doDelete([], false)
 3 APPPATH\Controllers\DroitsAgent.php(113): CodeIgniter\BaseModel->delete([])
 4 APPPATH\Controllers\DroitsAgent.php(102): App\Controllers\DroitsAgent->destroy('186')
 5 SYSTEMPATH\CodeIgniter.php(934): App\Controllers\DroitsAgent->delete('186')
 6 SYSTEMPATH\CodeIgniter.php(499): CodeIgniter\CodeIgniter->runController(Object(App\Controllers\DroitsAgent))
 7 SYSTEMPATH\CodeIgniter.php(368): CodeIgniter\CodeIgniter->handleRequest(null, Object(Config\Cache), false)
 8 FCPATH\index.php(67): CodeIgniter\CodeIgniter->run()
CRITICAL - 2025-07-28 20:05:23 --> Deletes are not allowed unless they contain a "where" or "like" clause.
in SYSTEMPATH\Database\BaseBuilder.php on line 2753.
 1 SYSTEMPATH\Model.php(455): CodeIgniter\Database\BaseBuilder->delete()
 2 SYSTEMPATH\BaseModel.php(1065): CodeIgniter\Model->doDelete([], false)
 3 APPPATH\Controllers\DroitsAgent.php(113): CodeIgniter\BaseModel->delete([])
 4 APPPATH\Controllers\DroitsAgent.php(102): App\Controllers\DroitsAgent->destroy('187')
 5 SYSTEMPATH\CodeIgniter.php(934): App\Controllers\DroitsAgent->delete('187')
 6 SYSTEMPATH\CodeIgniter.php(499): CodeIgniter\CodeIgniter->runController(Object(App\Controllers\DroitsAgent))
 7 SYSTEMPATH\CodeIgniter.php(368): CodeIgniter\CodeIgniter->handleRequest(null, Object(Config\Cache), false)
 8 FCPATH\index.php(67): CodeIgniter\CodeIgniter->run()
CRITICAL - 2025-07-28 20:05:23 --> Deletes are not allowed unless they contain a "where" or "like" clause.
in SYSTEMPATH\Database\BaseBuilder.php on line 2753.
 1 SYSTEMPATH\Model.php(455): CodeIgniter\Database\BaseBuilder->delete()
 2 SYSTEMPATH\BaseModel.php(1065): CodeIgniter\Model->doDelete([], false)
 3 APPPATH\Controllers\DroitsAgent.php(113): CodeIgniter\BaseModel->delete([])
 4 APPPATH\Controllers\DroitsAgent.php(102): App\Controllers\DroitsAgent->destroy('188')
 5 SYSTEMPATH\CodeIgniter.php(934): App\Controllers\DroitsAgent->delete('188')
 6 SYSTEMPATH\CodeIgniter.php(499): CodeIgniter\CodeIgniter->runController(Object(App\Controllers\DroitsAgent))
 7 SYSTEMPATH\CodeIgniter.php(368): CodeIgniter\CodeIgniter->handleRequest(null, Object(Config\Cache), false)
 8 FCPATH\index.php(67): CodeIgniter\CodeIgniter->run()
CRITICAL - 2025-07-28 20:05:23 --> Deletes are not allowed unless they contain a "where" or "like" clause.
in SYSTEMPATH\Database\BaseBuilder.php on line 2753.
 1 SYSTEMPATH\Model.php(455): CodeIgniter\Database\BaseBuilder->delete()
 2 SYSTEMPATH\BaseModel.php(1065): CodeIgniter\Model->doDelete([], false)
 3 APPPATH\Controllers\DroitsAgent.php(113): CodeIgniter\BaseModel->delete([])
 4 APPPATH\Controllers\DroitsAgent.php(102): App\Controllers\DroitsAgent->destroy('189')
 5 SYSTEMPATH\CodeIgniter.php(934): App\Controllers\DroitsAgent->delete('189')
 6 SYSTEMPATH\CodeIgniter.php(499): CodeIgniter\CodeIgniter->runController(Object(App\Controllers\DroitsAgent))
 7 SYSTEMPATH\CodeIgniter.php(368): CodeIgniter\CodeIgniter->handleRequest(null, Object(Config\Cache), false)
 8 FCPATH\index.php(67): CodeIgniter\CodeIgniter->run()
CRITICAL - 2025-07-28 20:05:23 --> Deletes are not allowed unless they contain a "where" or "like" clause.
in SYSTEMPATH\Database\BaseBuilder.php on line 2753.
 1 SYSTEMPATH\Model.php(455): CodeIgniter\Database\BaseBuilder->delete()
 2 SYSTEMPATH\BaseModel.php(1065): CodeIgniter\Model->doDelete([], false)
 3 APPPATH\Controllers\DroitsAgent.php(113): CodeIgniter\BaseModel->delete([])
 4 APPPATH\Controllers\DroitsAgent.php(102): App\Controllers\DroitsAgent->destroy('190')
 5 SYSTEMPATH\CodeIgniter.php(934): App\Controllers\DroitsAgent->delete('190')
 6 SYSTEMPATH\CodeIgniter.php(499): CodeIgniter\CodeIgniter->runController(Object(App\Controllers\DroitsAgent))
 7 SYSTEMPATH\CodeIgniter.php(368): CodeIgniter\CodeIgniter->handleRequest(null, Object(Config\Cache), false)
 8 FCPATH\index.php(67): CodeIgniter\CodeIgniter->run()
CRITICAL - 2025-07-28 20:05:23 --> Deletes are not allowed unless they contain a "where" or "like" clause.
in SYSTEMPATH\Database\BaseBuilder.php on line 2753.
 1 SYSTEMPATH\Model.php(455): CodeIgniter\Database\BaseBuilder->delete()
 2 SYSTEMPATH\BaseModel.php(1065): CodeIgniter\Model->doDelete([], false)
 3 APPPATH\Controllers\DroitsAgent.php(113): CodeIgniter\BaseModel->delete([])
 4 APPPATH\Controllers\DroitsAgent.php(102): App\Controllers\DroitsAgent->destroy('191')
 5 SYSTEMPATH\CodeIgniter.php(934): App\Controllers\DroitsAgent->delete('191')
 6 SYSTEMPATH\CodeIgniter.php(499): CodeIgniter\CodeIgniter->runController(Object(App\Controllers\DroitsAgent))
 7 SYSTEMPATH\CodeIgniter.php(368): CodeIgniter\CodeIgniter->handleRequest(null, Object(Config\Cache), false)
 8 FCPATH\index.php(67): CodeIgniter\CodeIgniter->run()
INFO - 2025-07-28 20:07:50 --> Session: Class initialized using 'CodeIgniter\Session\Handlers\FileHandler' driver.
INFO - 2025-07-28 20:07:50 --> Session: Class initialized using 'CodeIgniter\Session\Handlers\FileHandler' driver.
INFO - 2025-07-28 20:08:03 --> Session: Class initialized using 'CodeIgniter\Session\Handlers\FileHandler' driver.
INFO - 2025-07-28 20:55:33 --> Session: Class initialized using 'CodeIgniter\Session\Handlers\FileHandler' driver.
INFO - 2025-07-28 20:55:51 --> Session: Class initialized using 'CodeIgniter\Session\Handlers\FileHandler' driver.
INFO - 2025-07-28 20:56:48 --> Session: Class initialized using 'CodeIgniter\Session\Handlers\FileHandler' driver.
INFO - 2025-07-28 20:57:01 --> Session: Class initialized using 'CodeIgniter\Session\Handlers\FileHandler' driver.
INFO - 2025-07-28 20:57:17 --> Session: Class initialized using 'CodeIgniter\Session\Handlers\FileHandler' driver.
INFO - 2025-07-28 20:57:29 --> Session: Class initialized using 'CodeIgniter\Session\Handlers\FileHandler' driver.
INFO - 2025-07-28 21:01:11 --> Session: Class initialized using 'CodeIgniter\Session\Handlers\FileHandler' driver.
INFO - 2025-07-28 21:01:25 --> Session: Class initialized using 'CodeIgniter\Session\Handlers\FileHandler' driver.
INFO - 2025-07-28 21:16:48 --> Session: Class initialized using 'CodeIgniter\Session\Handlers\FileHandler' driver.
INFO - 2025-07-28 21:17:01 --> Session: Class initialized using 'CodeIgniter\Session\Handlers\FileHandler' driver.
INFO - 2025-07-28 21:23:51 --> Session: Class initialized using 'CodeIgniter\Session\Handlers\FileHandler' driver.
INFO - 2025-07-28 21:24:02 --> Session: Class initialized using 'CodeIgniter\Session\Handlers\FileHandler' driver.
INFO - 2025-07-28 21:26:31 --> Session: Class initialized using 'CodeIgniter\Session\Handlers\FileHandler' driver.
INFO - 2025-07-28 21:26:41 --> Session: Class initialized using 'CodeIgniter\Session\Handlers\FileHandler' driver.
INFO - 2025-07-28 21:41:20 --> Session: Class initialized using 'CodeIgniter\Session\Handlers\FileHandler' driver.
INFO - 2025-07-28 21:41:34 --> Session: Class initialized using 'CodeIgniter\Session\Handlers\FileHandler' driver.
INFO - 2025-07-28 21:45:16 --> Session: Class initialized using 'CodeIgniter\Session\Handlers\FileHandler' driver.
INFO - 2025-07-28 21:45:16 --> Session: Class initialized using 'CodeIgniter\Session\Handlers\FileHandler' driver.
INFO - 2025-07-28 21:45:20 --> Session: Class initialized using 'CodeIgniter\Session\Handlers\FileHandler' driver.
INFO - 2025-07-28 21:45:23 --> Session: Class initialized using 'CodeIgniter\Session\Handlers\FileHandler' driver.
INFO - 2025-07-28 21:45:47 --> Session: Class initialized using 'CodeIgniter\Session\Handlers\FileHandler' driver.
INFO - 2025-07-28 22:04:03 --> Session: Class initialized using 'CodeIgniter\Session\Handlers\FileHandler' driver.
INFO - 2025-07-28 22:04:13 --> Session: Class initialized using 'CodeIgniter\Session\Handlers\FileHandler' driver.
INFO - 2025-07-28 22:04:19 --> Session: Class initialized using 'CodeIgniter\Session\Handlers\FileHandler' driver.
INFO - 2025-07-28 22:04:29 --> Session: Class initialized using 'CodeIgniter\Session\Handlers\FileHandler' driver.
INFO - 2025-07-28 22:06:49 --> Session: Class initialized using 'CodeIgniter\Session\Handlers\FileHandler' driver.
INFO - 2025-07-28 22:14:34 --> Session: Class initialized using 'CodeIgniter\Session\Handlers\FileHandler' driver.
INFO - 2025-07-28 22:14:57 --> Session: Class initialized using 'CodeIgniter\Session\Handlers\FileHandler' driver.
